info: Microsoft.Extensions.DependencyInjection.DataProtectionServices[0]
      User profile is available. Using 'C:\Users\glenj392\AppData\Local\ASP.NET\DataProtection-Keys' as key repository and Windows DPAPI to encrypt keys at rest.
Hosting environment: Development
Content root path: C:\Users\glenj392\Documents\Visual Studio 2015\Projects\HumansOfDubno\src\Dubno
Now listening on: http://localhost:13552
Application started. Press Ctrl+C to shut down.
info: Microsoft.AspNetCore.Hosting.Internal.WebHost[1]
      Request starting HTTP/1.1 DEBUG http://localhost:56565/  0
info: Microsoft.AspNetCore.Hosting.Internal.WebHost[1]
      Request starting HTTP/1.1 GET http://localhost:56565/  
info: Microsoft.AspNetCore.Hosting.Internal.WebHost[2]
      Request finished in 86.7282ms 200 
info: Microsoft.AspNetCore.Authentication.Cookies.CookieAuthenticationMiddleware[3]
      HttpContext.User merged via AutomaticAuthentication from authenticationScheme: Identity.Application.
info: Microsoft.AspNetCore.Mvc.Internal.ControllerActionInvoker[1]
      Executing action method Dubno.Controllers.HomeController.Index (Dubno) with arguments ((null)) - ModelState is Valid
info: Microsoft.AspNetCore.Mvc.ViewFeatures.Internal.ViewResultExecutor[1]
      Executing ViewResult, running view at path /Views/Home/Index.cshtml.
info: Microsoft.AspNetCore.Mvc.Internal.ControllerActionInvoker[2]
      Executed action Dubno.Controllers.HomeController.Index (Dubno) in 4434.4234ms
info: Microsoft.AspNetCore.Hosting.Internal.WebHost[2]
      Request finished in 6105.6616ms 200 text/html; charset=utf-8
info: Microsoft.AspNetCore.Hosting.Internal.WebHost[1]
      Request starting HTTP/1.1 GET http://localhost:56565/favicon.ico  
info: Microsoft.AspNetCore.Authentication.Cookies.CookieAuthenticationMiddleware[3]
      HttpContext.User merged via AutomaticAuthentication from authenticationScheme: Identity.Application.
info: Microsoft.AspNetCore.Hosting.Internal.WebHost[2]
      Request finished in 13.9671ms 200 
info: Microsoft.AspNetCore.Hosting.Internal.WebHost[1]
      Request starting HTTP/1.1 GET http://localhost:56565/Home/AdminView  
info: Microsoft.AspNetCore.Authentication.Cookies.CookieAuthenticationMiddleware[3]
      HttpContext.User merged via AutomaticAuthentication from authenticationScheme: Identity.Application.
info: Microsoft.AspNetCore.Mvc.Internal.ControllerActionInvoker[1]
      Executing action method Dubno.Controllers.HomeController.AdminView (Dubno) with arguments ((null)) - ModelState is Valid
info: Microsoft.AspNetCore.Mvc.ViewFeatures.Internal.ViewResultExecutor[1]
      Executing ViewResult, running view at path /Views/Home/AdminView.cshtml.
info: Microsoft.AspNetCore.Mvc.Internal.ControllerActionInvoker[2]
      Executed action Dubno.Controllers.HomeController.AdminView (Dubno) in 232.2147ms
info: Microsoft.AspNetCore.Hosting.Internal.WebHost[2]
      Request finished in 339.1821ms 200 text/html; charset=utf-8
info: Microsoft.AspNetCore.Hosting.Internal.WebHost[1]
      Request starting HTTP/1.1 GET http://localhost:56565/favicon.ico  
info: Microsoft.AspNetCore.Authentication.Cookies.CookieAuthenticationMiddleware[3]
      HttpContext.User merged via AutomaticAuthentication from authenticationScheme: Identity.Application.
info: Microsoft.AspNetCore.Hosting.Internal.WebHost[2]
      Request finished in 1.3173ms 200 
info: Microsoft.AspNetCore.Hosting.Internal.WebHost[1]
      Request starting HTTP/1.1 GET http://localhost:56565/Home/Edit/5008  
info: Microsoft.AspNetCore.Authentication.Cookies.CookieAuthenticationMiddleware[3]
      HttpContext.User merged via AutomaticAuthentication from authenticationScheme: Identity.Application.
info: Microsoft.AspNetCore.Mvc.Internal.ControllerActionInvoker[1]
      Executing action method Dubno.Controllers.HomeController.Edit (Dubno) with arguments (5008) - ModelState is Valid
info: Microsoft.AspNetCore.Mvc.ViewFeatures.Internal.ViewResultExecutor[1]
      Executing ViewResult, running view at path /Views/Home/Edit.cshtml.
info: Microsoft.AspNetCore.Mvc.Internal.ControllerActionInvoker[2]
      Executed action Dubno.Controllers.HomeController.Edit (Dubno) in 509.3819ms
info: Microsoft.AspNetCore.Hosting.Internal.WebHost[2]
      Request finished in 526.2041ms 200 text/html; charset=utf-8
info: Microsoft.AspNetCore.Hosting.Internal.WebHost[1]
      Request starting HTTP/1.1 GET http://localhost:56565/css/styles.css  
info: Microsoft.AspNetCore.Authentication.Cookies.CookieAuthenticationMiddleware[3]
      HttpContext.User merged via AutomaticAuthentication from authenticationScheme: Identity.Application.
info: Microsoft.AspNetCore.StaticFiles.StaticFileMiddleware[6]
      The file /css/styles.css was not modified
info: Microsoft.AspNetCore.Hosting.Internal.WebHost[2]
      Request finished in 58.2081ms 304 text/css
info: Microsoft.AspNetCore.Hosting.Internal.WebHost[1]
      Request starting HTTP/1.1 GET http://localhost:56565/favicon.ico  
info: Microsoft.AspNetCore.Authentication.Cookies.CookieAuthenticationMiddleware[3]
      HttpContext.User merged via AutomaticAuthentication from authenticationScheme: Identity.Application.
info: Microsoft.AspNetCore.Hosting.Internal.WebHost[2]
      Request finished in 1.7774ms 200 
info: Microsoft.AspNetCore.Hosting.Internal.WebHost[1]
      Request starting HTTP/1.1 POST http://localhost:56565/Home/Edit/5008 multipart/form-data; boundary=----WebKitFormBoundaryM7mnNqbLbL2HtEQM 225821
info: Microsoft.AspNetCore.Authentication.Cookies.CookieAuthenticationMiddleware[3]
      HttpContext.User merged via AutomaticAuthentication from authenticationScheme: Identity.Application.
info: Microsoft.AspNetCore.Mvc.Internal.ControllerActionInvoker[1]
      Executing action method Dubno.Controllers.HomeController.Edit (Dubno) with arguments (Dubno.Models.Post, Microsoft.AspNetCore.Http.Internal.FormFile) - ModelState is Valid
info: Microsoft.AspNetCore.Mvc.RedirectToActionResult[1]
      Executing RedirectResult, redirecting to /.
info: Microsoft.AspNetCore.Mvc.Internal.ControllerActionInvoker[2]
      Executed action Dubno.Controllers.HomeController.Edit (Dubno) in 348.4328ms
info: Microsoft.AspNetCore.Hosting.Internal.WebHost[2]
      Request finished in 359.7528ms 302 
info: Microsoft.AspNetCore.Hosting.Internal.WebHost[1]
      Request starting HTTP/1.1 GET http://localhost:56565/  
info: Microsoft.AspNetCore.Authentication.Cookies.CookieAuthenticationMiddleware[3]
      HttpContext.User merged via AutomaticAuthentication from authenticationScheme: Identity.Application.
info: Microsoft.AspNetCore.Mvc.Internal.ControllerActionInvoker[1]
      Executing action method Dubno.Controllers.HomeController.Index (Dubno) with arguments ((null)) - ModelState is Valid
info: Microsoft.AspNetCore.Mvc.ViewFeatures.Internal.ViewResultExecutor[1]
      Executing ViewResult, running view at path /Views/Home/Index.cshtml.
info: Microsoft.AspNetCore.Mvc.Internal.ControllerActionInvoker[2]
      Executed action Dubno.Controllers.HomeController.Index (Dubno) in 590.4856ms
info: Microsoft.AspNetCore.Hosting.Internal.WebHost[2]
      Request finished in 1435.0727ms 200 text/html; charset=utf-8
info: Microsoft.AspNetCore.Hosting.Internal.WebHost[1]
      Request starting HTTP/1.1 GET http://localhost:56565/favicon.ico  
info: Microsoft.AspNetCore.Hosting.Internal.WebHost[1]
      Request starting HTTP/1.1 GET http://localhost:56565/Home/AdminView  
info: Microsoft.AspNetCore.Authentication.Cookies.CookieAuthenticationMiddleware[3]
      HttpContext.User merged via AutomaticAuthentication from authenticationScheme: Identity.Application.
info: Microsoft.AspNetCore.Authentication.Cookies.CookieAuthenticationMiddleware[3]
      HttpContext.User merged via AutomaticAuthentication from authenticationScheme: Identity.Application.
info: Microsoft.AspNetCore.Hosting.Internal.WebHost[2]
      Request finished in 1.2311ms 200 
info: Microsoft.AspNetCore.Mvc.Internal.ControllerActionInvoker[1]
      Executing action method Dubno.Controllers.HomeController.AdminView (Dubno) with arguments ((null)) - ModelState is Valid
info: Microsoft.AspNetCore.Mvc.ViewFeatures.Internal.ViewResultExecutor[1]
      Executing ViewResult, running view at path /Views/Home/AdminView.cshtml.
info: Microsoft.AspNetCore.Mvc.Internal.ControllerActionInvoker[2]
      Executed action Dubno.Controllers.HomeController.AdminView (Dubno) in 89.5628ms
info: Microsoft.AspNetCore.Hosting.Internal.WebHost[2]
      Request finished in 116.2979ms 200 text/html; charset=utf-8
info: Microsoft.AspNetCore.Hosting.Internal.WebHost[1]
      Request starting HTTP/1.1 GET http://localhost:56565/favicon.ico  
info: Microsoft.AspNetCore.Authentication.Cookies.CookieAuthenticationMiddleware[3]
      HttpContext.User merged via AutomaticAuthentication from authenticationScheme: Identity.Application.
info: Microsoft.AspNetCore.Hosting.Internal.WebHost[2]
      Request finished in 2.1589ms 200 
info: Microsoft.AspNetCore.Hosting.Internal.WebHost[1]
      Request starting HTTP/1.1 GET http://localhost:56565/Home/Details/5008  
info: Microsoft.AspNetCore.Authentication.Cookies.CookieAuthenticationMiddleware[3]
      HttpContext.User merged via AutomaticAuthentication from authenticationScheme: Identity.Application.
info: Microsoft.AspNetCore.Mvc.Internal.ControllerActionInvoker[1]
      Executing action method Dubno.Controllers.HomeController.Details (Dubno) with arguments (5008) - ModelState is Valid
info: Microsoft.AspNetCore.Mvc.ViewFeatures.Internal.ViewResultExecutor[1]
      Executing ViewResult, running view at path /Views/Home/Details.cshtml.
info: Microsoft.AspNetCore.Mvc.Internal.ControllerActionInvoker[2]
      Executed action Dubno.Controllers.HomeController.Details (Dubno) in 205.8353ms
info: Microsoft.AspNetCore.Hosting.Internal.WebHost[2]
      Request finished in 264.1871ms 200 text/html; charset=utf-8
info: Microsoft.AspNetCore.Hosting.Internal.WebHost[1]
      Request starting HTTP/1.1 GET http://localhost:56565/favicon.ico  
info: Microsoft.AspNetCore.Authentication.Cookies.CookieAuthenticationMiddleware[3]
      HttpContext.User merged via AutomaticAuthentication from authenticationScheme: Identity.Application.
info: Microsoft.AspNetCore.Hosting.Internal.WebHost[2]
      Request finished in 3.0813ms 200 
