info: Microsoft.Extensions.DependencyInjection.DataProtectionServices[0]
      User profile is available. Using 'C:\Users\glenj392\AppData\Local\ASP.NET\DataProtection-Keys' as key repository and Windows DPAPI to encrypt keys at rest.
Hosting environment: Development
Content root path: C:\Users\glenj392\Documents\Visual Studio 2015\Projects\HumansOfDubno\src\Dubno
Now listening on: http://localhost:24143
Application started. Press Ctrl+C to shut down.
info: Microsoft.AspNetCore.Hosting.Internal.WebHost[1]
      Request starting HTTP/1.1 DEBUG http://localhost:56565/  0
info: Microsoft.AspNetCore.Hosting.Internal.WebHost[1]
      Request starting HTTP/1.1 GET http://localhost:56565/  
info: Microsoft.AspNetCore.Hosting.Internal.WebHost[2]
      Request finished in 87.3123ms 200 
info: Microsoft.AspNetCore.Mvc.Internal.ControllerActionInvoker[1]
      Executing action method Dubno.Controllers.HomeController.Index (Dubno) with arguments ((null)) - ModelState is Valid
info: Microsoft.AspNetCore.Mvc.ViewFeatures.Internal.ViewResultExecutor[1]
      Executing ViewResult, running view at path /Views/Home/Index.cshtml.
info: Microsoft.AspNetCore.Mvc.Internal.ControllerActionInvoker[2]
      Executed action Dubno.Controllers.HomeController.Index (Dubno) in 4589.6069ms
info: Microsoft.AspNetCore.Hosting.Internal.WebHost[1]
      Request starting HTTP/1.1 GET http://localhost:56565/js/scripts.js  
info: Microsoft.AspNetCore.Hosting.Internal.WebHost[1]
      Request starting HTTP/1.1 GET http://localhost:56565/css/styles.css  
info: Microsoft.AspNetCore.StaticFiles.StaticFileMiddleware[2]
      Sending file. Request path: '/js/scripts.js'. Physical path: 'C:\Users\glenj392\Documents\Visual Studio 2015\Projects\HumansOfDubno\src\Dubno\wwwroot\js\scripts.js'
info: Microsoft.AspNetCore.StaticFiles.StaticFileMiddleware[2]
      Sending file. Request path: '/css/styles.css'. Physical path: 'C:\Users\glenj392\Documents\Visual Studio 2015\Projects\HumansOfDubno\src\Dubno\wwwroot\css\styles.css'
info: Microsoft.AspNetCore.Hosting.Internal.WebHost[2]
      Request finished in 193.567ms 200 application/javascript
info: Microsoft.AspNetCore.Hosting.Internal.WebHost[2]
      Request finished in 193.1056ms 200 text/css
info: Microsoft.AspNetCore.Hosting.Internal.WebHost[1]
      Request starting HTTP/1.1 GET http://localhost:56565/images/logo.png  
info: Microsoft.AspNetCore.StaticFiles.StaticFileMiddleware[2]
      Sending file. Request path: '/images/logo.png'. Physical path: 'C:\Users\glenj392\Documents\Visual Studio 2015\Projects\HumansOfDubno\src\Dubno\wwwroot\images\logo.png'
info: Microsoft.AspNetCore.Hosting.Internal.WebHost[2]
      Request finished in 12.6265ms 200 image/png
info: Microsoft.AspNetCore.Hosting.Internal.WebHost[1]
      Request starting HTTP/1.1 GET http://localhost:56565/images/text.png  
info: Microsoft.AspNetCore.StaticFiles.StaticFileMiddleware[2]
      Sending file. Request path: '/images/text.png'. Physical path: 'C:\Users\glenj392\Documents\Visual Studio 2015\Projects\HumansOfDubno\src\Dubno\wwwroot\images\text.png'
info: Microsoft.AspNetCore.Hosting.Internal.WebHost[2]
      Request finished in 26.342ms 200 image/png
info: Microsoft.AspNetCore.Hosting.Internal.WebHost[2]
      Request finished in 6192.0703ms 200 text/html; charset=utf-8
info: Microsoft.AspNetCore.Hosting.Internal.WebHost[1]
      Request starting HTTP/1.1 GET http://localhost:56565/favicon.ico  
info: Microsoft.AspNetCore.Hosting.Internal.WebHost[2]
      Request finished in 15.7226ms 200 
info: Microsoft.AspNetCore.Hosting.Internal.WebHost[1]
      Request starting HTTP/1.1 GET http://localhost:56565/  
info: Microsoft.AspNetCore.Mvc.Internal.ControllerActionInvoker[1]
      Executing action method Dubno.Controllers.HomeController.Index (Dubno) with arguments ((null)) - ModelState is Valid
info: Microsoft.AspNetCore.Mvc.ViewFeatures.Internal.ViewResultExecutor[1]
      Executing ViewResult, running view at path /Views/Home/Index.cshtml.
info: Microsoft.AspNetCore.Mvc.Internal.ControllerActionInvoker[2]
      Executed action Dubno.Controllers.HomeController.Index (Dubno) in 696.7581ms
info: Microsoft.AspNetCore.Hosting.Internal.WebHost[1]
      Request starting HTTP/1.1 GET http://localhost:56565/css/styles.css  
info: Microsoft.AspNetCore.StaticFiles.StaticFileMiddleware[2]
      Sending file. Request path: '/css/styles.css'. Physical path: 'C:\Users\glenj392\Documents\Visual Studio 2015\Projects\HumansOfDubno\src\Dubno\wwwroot\css\styles.css'
info: Microsoft.AspNetCore.Hosting.Internal.WebHost[2]
      Request finished in 96.2993ms 200 text/css
info: Microsoft.AspNetCore.Hosting.Internal.WebHost[2]
      Request finished in 1560.4754ms 200 text/html; charset=utf-8
info: Microsoft.AspNetCore.Hosting.Internal.WebHost[1]
      Request starting HTTP/1.1 GET http://localhost:56565/favicon.ico  
info: Microsoft.AspNetCore.Hosting.Internal.WebHost[2]
      Request finished in 1.1932ms 200 
