info: Microsoft.Extensions.DependencyInjection.DataProtectionServices[0]
      User profile is available. Using 'C:\Users\glenj392\AppData\Local\ASP.NET\DataProtection-Keys' as key repository and Windows DPAPI to encrypt keys at rest.
Hosting environment: Development
Content root path: C:\Users\glenj392\Documents\Visual Studio 2015\Projects\HumansOfDubno\src\Dubno
Now listening on: http://localhost:30949
Application started. Press Ctrl+C to shut down.
info: Microsoft.AspNetCore.Hosting.Internal.WebHost[1]
      Request starting HTTP/1.1 GET http://localhost:56565/  
info: Microsoft.AspNetCore.Hosting.Internal.WebHost[1]
      Request starting HTTP/1.1 DEBUG http://localhost:56565/  0
info: Microsoft.AspNetCore.Hosting.Internal.WebHost[2]
      Request finished in 87.39ms 200 
info: Microsoft.AspNetCore.Authentication.Cookies.CookieAuthenticationMiddleware[3]
      HttpContext.User merged via AutomaticAuthentication from authenticationScheme: Identity.Application.
info: Microsoft.AspNetCore.Mvc.Internal.ControllerActionInvoker[1]
      Executing action method Dubno.Controllers.HomeController.Index (Dubno) with arguments ((null)) - ModelState is Valid
info: Microsoft.AspNetCore.Mvc.ViewFeatures.Internal.ViewResultExecutor[1]
      Executing ViewResult, running view at path /Views/Home/Index.cshtml.
info: Microsoft.AspNetCore.Mvc.Internal.ControllerActionInvoker[2]
      Executed action Dubno.Controllers.HomeController.Index (Dubno) in 4686.2811ms
info: Microsoft.AspNetCore.Hosting.Internal.WebHost[1]
      Request starting HTTP/1.1 GET http://localhost:56565/css/styles.css  
info: Microsoft.AspNetCore.Authentication.Cookies.CookieAuthenticationMiddleware[3]
      HttpContext.User merged via AutomaticAuthentication from authenticationScheme: Identity.Application.
info: Microsoft.AspNetCore.StaticFiles.StaticFileMiddleware[6]
      The file /css/styles.css was not modified
info: Microsoft.AspNetCore.Hosting.Internal.WebHost[2]
      Request finished in 175.7774ms 304 text/css
info: Microsoft.AspNetCore.Hosting.Internal.WebHost[2]
      Request finished in 6431.8744ms 200 text/html; charset=utf-8
info: Microsoft.AspNetCore.Hosting.Internal.WebHost[1]
      Request starting HTTP/1.1 GET http://localhost:56565/favicon.ico  
info: Microsoft.AspNetCore.Authentication.Cookies.CookieAuthenticationMiddleware[3]
      HttpContext.User merged via AutomaticAuthentication from authenticationScheme: Identity.Application.
info: Microsoft.AspNetCore.Hosting.Internal.WebHost[2]
      Request finished in 8.6554ms 200 
info: Microsoft.AspNetCore.Hosting.Internal.WebHost[1]
      Request starting HTTP/1.1 GET http://localhost:56565/Home/AdminView  
info: Microsoft.AspNetCore.Authentication.Cookies.CookieAuthenticationMiddleware[3]
      HttpContext.User merged via AutomaticAuthentication from authenticationScheme: Identity.Application.
info: Microsoft.AspNetCore.Mvc.Internal.ControllerActionInvoker[1]
      Executing action method Dubno.Controllers.HomeController.AdminView (Dubno) with arguments ((null)) - ModelState is Valid
info: Microsoft.AspNetCore.Mvc.ViewFeatures.Internal.ViewResultExecutor[1]
      Executing ViewResult, running view at path /Views/Home/AdminView.cshtml.
info: Microsoft.AspNetCore.Mvc.Internal.ControllerActionInvoker[2]
      Executed action Dubno.Controllers.HomeController.AdminView (Dubno) in 230.3133ms
info: Microsoft.AspNetCore.Hosting.Internal.WebHost[2]
      Request finished in 291.1275ms 200 text/html; charset=utf-8
info: Microsoft.AspNetCore.Hosting.Internal.WebHost[1]
      Request starting HTTP/1.1 GET http://localhost:56565/favicon.ico  
info: Microsoft.AspNetCore.Authentication.Cookies.CookieAuthenticationMiddleware[3]
      HttpContext.User merged via AutomaticAuthentication from authenticationScheme: Identity.Application.
info: Microsoft.AspNetCore.Hosting.Internal.WebHost[2]
      Request finished in 2.1111ms 200 
info: Microsoft.AspNetCore.Hosting.Internal.WebHost[1]
      Request starting HTTP/1.1 GET http://localhost:56565/Home/Details/4007  
info: Microsoft.AspNetCore.Authentication.Cookies.CookieAuthenticationMiddleware[3]
      HttpContext.User merged via AutomaticAuthentication from authenticationScheme: Identity.Application.
info: Microsoft.AspNetCore.Mvc.Internal.ControllerActionInvoker[1]
      Executing action method Dubno.Controllers.HomeController.Details (Dubno) with arguments (4007) - ModelState is Valid
info: Microsoft.AspNetCore.Mvc.ViewFeatures.Internal.ViewResultExecutor[1]
      Executing ViewResult, running view at path /Views/Home/Details.cshtml.
info: Microsoft.AspNetCore.Mvc.Internal.ControllerActionInvoker[2]
      Executed action Dubno.Controllers.HomeController.Details (Dubno) in 619.493ms
info: Microsoft.AspNetCore.Hosting.Internal.WebHost[2]
      Request finished in 652.3016ms 200 text/html; charset=utf-8
info: Microsoft.AspNetCore.Hosting.Internal.WebHost[1]
      Request starting HTTP/1.1 GET http://localhost:56565/favicon.ico  
info: Microsoft.AspNetCore.Authentication.Cookies.CookieAuthenticationMiddleware[3]
      HttpContext.User merged via AutomaticAuthentication from authenticationScheme: Identity.Application.
info: Microsoft.AspNetCore.Hosting.Internal.WebHost[2]
      Request finished in 1.4485ms 200 
info: Microsoft.AspNetCore.Hosting.Internal.WebHost[1]
      Request starting HTTP/1.1 GET http://localhost:56565/favicon.ico  
info: Microsoft.AspNetCore.Authentication.Cookies.CookieAuthenticationMiddleware[3]
      HttpContext.User merged via AutomaticAuthentication from authenticationScheme: Identity.Application.
info: Microsoft.AspNetCore.Hosting.Internal.WebHost[2]
      Request finished in 1.5877ms 200 
info: Microsoft.AspNetCore.Hosting.Internal.WebHost[1]
      Request starting HTTP/1.1 GET http://localhost:56565/Home/Edit/4007  
info: Microsoft.AspNetCore.Authentication.Cookies.CookieAuthenticationMiddleware[3]
      HttpContext.User merged via AutomaticAuthentication from authenticationScheme: Identity.Application.
info: Microsoft.AspNetCore.Mvc.Internal.ControllerActionInvoker[1]
      Executing action method Dubno.Controllers.HomeController.Edit (Dubno) with arguments (4007) - ModelState is Valid
info: Microsoft.AspNetCore.Mvc.ViewFeatures.Internal.ViewResultExecutor[1]
      Executing ViewResult, running view at path /Views/Home/Edit.cshtml.
info: Microsoft.AspNetCore.Mvc.Internal.ControllerActionInvoker[2]
      Executed action Dubno.Controllers.HomeController.Edit (Dubno) in 258.0748ms
info: Microsoft.AspNetCore.Hosting.Internal.WebHost[2]
      Request finished in 316.3177ms 200 text/html; charset=utf-8
info: Microsoft.AspNetCore.Hosting.Internal.WebHost[1]
      Request starting HTTP/1.1 GET http://localhost:56565/favicon.ico  
info: Microsoft.AspNetCore.Authentication.Cookies.CookieAuthenticationMiddleware[3]
      HttpContext.User merged via AutomaticAuthentication from authenticationScheme: Identity.Application.
info: Microsoft.AspNetCore.Hosting.Internal.WebHost[2]
      Request finished in 1.3213ms 200 
info: Microsoft.AspNetCore.Hosting.Internal.WebHost[1]
      Request starting HTTP/1.1 POST http://localhost:56565/Home/Edit/4007 multipart/form-data; boundary=----WebKitFormBoundaryqcT1X5ELtWnB5vB6 1890
info: Microsoft.AspNetCore.Authentication.Cookies.CookieAuthenticationMiddleware[3]
      HttpContext.User merged via AutomaticAuthentication from authenticationScheme: Identity.Application.
info: Microsoft.AspNetCore.Mvc.Internal.ControllerActionInvoker[1]
      Executing action method Dubno.Controllers.HomeController.Edit (Dubno) with arguments (Dubno.Models.Post) - ModelState is Invalid
info: Microsoft.AspNetCore.Mvc.RedirectToActionResult[1]
      Executing RedirectResult, redirecting to /Home/AdminView.
info: Microsoft.AspNetCore.Mvc.Internal.ControllerActionInvoker[2]
      Executed action Dubno.Controllers.HomeController.Edit (Dubno) in 213.8874ms
info: Microsoft.AspNetCore.Hosting.Internal.WebHost[2]
      Request finished in 219.4601ms 302 
info: Microsoft.AspNetCore.Hosting.Internal.WebHost[1]
      Request starting HTTP/1.1 GET http://localhost:56565/Home/AdminView  
info: Microsoft.AspNetCore.Authentication.Cookies.CookieAuthenticationMiddleware[3]
      HttpContext.User merged via AutomaticAuthentication from authenticationScheme: Identity.Application.
info: Microsoft.AspNetCore.Mvc.Internal.ControllerActionInvoker[1]
      Executing action method Dubno.Controllers.HomeController.AdminView (Dubno) with arguments ((null)) - ModelState is Valid
info: Microsoft.AspNetCore.Mvc.ViewFeatures.Internal.ViewResultExecutor[1]
      Executing ViewResult, running view at path /Views/Home/AdminView.cshtml.
info: Microsoft.AspNetCore.Mvc.Internal.ControllerActionInvoker[2]
      Executed action Dubno.Controllers.HomeController.AdminView (Dubno) in 61.9248ms
info: Microsoft.AspNetCore.Hosting.Internal.WebHost[2]
      Request finished in 112.1291ms 200 text/html; charset=utf-8
info: Microsoft.AspNetCore.Hosting.Internal.WebHost[1]
      Request starting HTTP/1.1 GET http://localhost:56565/favicon.ico  
info: Microsoft.AspNetCore.Authentication.Cookies.CookieAuthenticationMiddleware[3]
      HttpContext.User merged via AutomaticAuthentication from authenticationScheme: Identity.Application.
info: Microsoft.AspNetCore.Hosting.Internal.WebHost[2]
      Request finished in 1.5154ms 200 
info: Microsoft.AspNetCore.Hosting.Internal.WebHost[1]
      Request starting HTTP/1.1 GET http://localhost:56565/Home/Details/4007  
info: Microsoft.AspNetCore.Authentication.Cookies.CookieAuthenticationMiddleware[3]
      HttpContext.User merged via AutomaticAuthentication from authenticationScheme: Identity.Application.
info: Microsoft.AspNetCore.Mvc.Internal.ControllerActionInvoker[1]
      Executing action method Dubno.Controllers.HomeController.Details (Dubno) with arguments (4007) - ModelState is Valid
info: Microsoft.AspNetCore.Mvc.ViewFeatures.Internal.ViewResultExecutor[1]
      Executing ViewResult, running view at path /Views/Home/Details.cshtml.
info: Microsoft.AspNetCore.Mvc.Internal.ControllerActionInvoker[2]
      Executed action Dubno.Controllers.HomeController.Details (Dubno) in 62.21ms
info: Microsoft.AspNetCore.Hosting.Internal.WebHost[2]
      Request finished in 103.9766ms 200 text/html; charset=utf-8
info: Microsoft.AspNetCore.Hosting.Internal.WebHost[1]
      Request starting HTTP/1.1 GET http://localhost:56565/favicon.ico  
info: Microsoft.AspNetCore.Authentication.Cookies.CookieAuthenticationMiddleware[3]
      HttpContext.User merged via AutomaticAuthentication from authenticationScheme: Identity.Application.
info: Microsoft.AspNetCore.Hosting.Internal.WebHost[2]
      Request finished in 1.1437ms 200 
info: Microsoft.AspNetCore.Hosting.Internal.WebHost[1]
      Request starting HTTP/1.1 GET http://localhost:56565/favicon.ico  
info: Microsoft.AspNetCore.Authentication.Cookies.CookieAuthenticationMiddleware[3]
      HttpContext.User merged via AutomaticAuthentication from authenticationScheme: Identity.Application.
info: Microsoft.AspNetCore.Hosting.Internal.WebHost[2]
      Request finished in 2.7283ms 200 
info: Microsoft.AspNetCore.Hosting.Internal.WebHost[1]
      Request starting HTTP/1.1 GET http://localhost:56565/Home/Edit/4007  
info: Microsoft.AspNetCore.Authentication.Cookies.CookieAuthenticationMiddleware[3]
      HttpContext.User merged via AutomaticAuthentication from authenticationScheme: Identity.Application.
info: Microsoft.AspNetCore.Mvc.Internal.ControllerActionInvoker[1]
      Executing action method Dubno.Controllers.HomeController.Edit (Dubno) with arguments (4007) - ModelState is Valid
info: Microsoft.AspNetCore.Mvc.ViewFeatures.Internal.ViewResultExecutor[1]
      Executing ViewResult, running view at path /Views/Home/Edit.cshtml.
info: Microsoft.AspNetCore.Mvc.Internal.ControllerActionInvoker[2]
      Executed action Dubno.Controllers.HomeController.Edit (Dubno) in 55.0361ms
info: Microsoft.AspNetCore.Hosting.Internal.WebHost[2]
      Request finished in 125.2318ms 200 text/html; charset=utf-8
info: Microsoft.AspNetCore.Hosting.Internal.WebHost[1]
      Request starting HTTP/1.1 GET http://localhost:56565/favicon.ico  
info: Microsoft.AspNetCore.Authentication.Cookies.CookieAuthenticationMiddleware[3]
      HttpContext.User merged via AutomaticAuthentication from authenticationScheme: Identity.Application.
info: Microsoft.AspNetCore.Hosting.Internal.WebHost[2]
      Request finished in 1.739ms 200 
info: Microsoft.AspNetCore.Hosting.Internal.WebHost[1]
      Request starting HTTP/1.1 POST http://localhost:56565/Home/Edit/4007 multipart/form-data; boundary=----WebKitFormBoundaryBA3LGdAe30t3IsQb 1890
info: Microsoft.AspNetCore.Authentication.Cookies.CookieAuthenticationMiddleware[3]
      HttpContext.User merged via AutomaticAuthentication from authenticationScheme: Identity.Application.
info: Microsoft.AspNetCore.Mvc.Internal.ControllerActionInvoker[1]
      Executing action method Dubno.Controllers.HomeController.Edit (Dubno) with arguments (Dubno.Models.Post) - ModelState is Invalid
info: Microsoft.AspNetCore.Mvc.RedirectToActionResult[1]
      Executing RedirectResult, redirecting to /Home/AdminView.
info: Microsoft.AspNetCore.Mvc.Internal.ControllerActionInvoker[2]
      Executed action Dubno.Controllers.HomeController.Edit (Dubno) in 3.9608ms
info: Microsoft.AspNetCore.Hosting.Internal.WebHost[2]
      Request finished in 5.7347ms 302 
info: Microsoft.AspNetCore.Hosting.Internal.WebHost[1]
      Request starting HTTP/1.1 GET http://localhost:56565/Home/AdminView  
info: Microsoft.AspNetCore.Authentication.Cookies.CookieAuthenticationMiddleware[3]
      HttpContext.User merged via AutomaticAuthentication from authenticationScheme: Identity.Application.
info: Microsoft.AspNetCore.Mvc.Internal.ControllerActionInvoker[1]
      Executing action method Dubno.Controllers.HomeController.AdminView (Dubno) with arguments ((null)) - ModelState is Valid
info: Microsoft.AspNetCore.Mvc.ViewFeatures.Internal.ViewResultExecutor[1]
      Executing ViewResult, running view at path /Views/Home/AdminView.cshtml.
info: Microsoft.AspNetCore.Mvc.Internal.ControllerActionInvoker[2]
      Executed action Dubno.Controllers.HomeController.AdminView (Dubno) in 79.3629ms
info: Microsoft.AspNetCore.Hosting.Internal.WebHost[2]
      Request finished in 122.1134ms 200 text/html; charset=utf-8
info: Microsoft.AspNetCore.Hosting.Internal.WebHost[1]
      Request starting HTTP/1.1 GET http://localhost:56565/favicon.ico  
info: Microsoft.AspNetCore.Authentication.Cookies.CookieAuthenticationMiddleware[3]
      HttpContext.User merged via AutomaticAuthentication from authenticationScheme: Identity.Application.
info: Microsoft.AspNetCore.Hosting.Internal.WebHost[2]
      Request finished in 1.1923ms 200 
info: Microsoft.AspNetCore.Hosting.Internal.WebHost[1]
      Request starting HTTP/1.1 GET http://localhost:56565/Home/Details/4007  
info: Microsoft.AspNetCore.Authentication.Cookies.CookieAuthenticationMiddleware[3]
      HttpContext.User merged via AutomaticAuthentication from authenticationScheme: Identity.Application.
info: Microsoft.AspNetCore.Mvc.Internal.ControllerActionInvoker[1]
      Executing action method Dubno.Controllers.HomeController.Details (Dubno) with arguments (4007) - ModelState is Valid
info: Microsoft.AspNetCore.Mvc.ViewFeatures.Internal.ViewResultExecutor[1]
      Executing ViewResult, running view at path /Views/Home/Details.cshtml.
info: Microsoft.AspNetCore.Mvc.Internal.ControllerActionInvoker[2]
      Executed action Dubno.Controllers.HomeController.Details (Dubno) in 65.7255ms
info: Microsoft.AspNetCore.Hosting.Internal.WebHost[2]
      Request finished in 122.4972ms 200 text/html; charset=utf-8
info: Microsoft.AspNetCore.Hosting.Internal.WebHost[1]
      Request starting HTTP/1.1 GET http://localhost:56565/favicon.ico  
info: Microsoft.AspNetCore.Authentication.Cookies.CookieAuthenticationMiddleware[3]
      HttpContext.User merged via AutomaticAuthentication from authenticationScheme: Identity.Application.
info: Microsoft.AspNetCore.Hosting.Internal.WebHost[2]
      Request finished in 1.1838ms 200 
