info: Microsoft.Extensions.DependencyInjection.DataProtectionServices[0]
      User profile is available. Using 'C:\Users\glenj392\AppData\Local\ASP.NET\DataProtection-Keys' as key repository and Windows DPAPI to encrypt keys at rest.
Hosting environment: Development
Content root path: C:\Users\glenj392\Documents\Visual Studio 2015\Projects\HumansOfDubno\src\Dubno
Now listening on: http://localhost:24584
Application started. Press Ctrl+C to shut down.
info: Microsoft.AspNetCore.Hosting.Internal.WebHost[1]
      Request starting HTTP/1.1 GET http://localhost:56565/  
info: Microsoft.AspNetCore.Hosting.Internal.WebHost[1]
      Request starting HTTP/1.1 DEBUG http://localhost:56565/  0
info: Microsoft.AspNetCore.Hosting.Internal.WebHost[2]
      Request finished in 126.2211ms 200 
info: Microsoft.AspNetCore.Mvc.Internal.ControllerActionInvoker[1]
      Executing action method Dubno.Controllers.HomeController.Index (Dubno) with arguments ((null)) - ModelState is Valid
info: Microsoft.AspNetCore.Mvc.ViewFeatures.Internal.ViewResultExecutor[1]
      Executing ViewResult, running view at path /Views/Home/Index.cshtml.
info: Microsoft.AspNetCore.Mvc.Internal.ControllerActionInvoker[2]
      Executed action Dubno.Controllers.HomeController.Index (Dubno) in 4582.8717ms
info: Microsoft.AspNetCore.Hosting.Internal.WebHost[1]
      Request starting HTTP/1.1 GET http://localhost:56565/css/styles.css  
info: Microsoft.AspNetCore.StaticFiles.StaticFileMiddleware[2]
      Sending file. Request path: '/css/styles.css'. Physical path: 'C:\Users\glenj392\Documents\Visual Studio 2015\Projects\HumansOfDubno\src\Dubno\wwwroot\css\styles.css'
info: Microsoft.AspNetCore.Hosting.Internal.WebHost[2]
      Request finished in 197.0567ms 200 text/css
info: Microsoft.AspNetCore.Hosting.Internal.WebHost[2]
      Request finished in 5974.2149ms 200 text/html; charset=utf-8
info: Microsoft.AspNetCore.Hosting.Internal.WebHost[1]
      Request starting HTTP/1.1 GET http://localhost:56565/favicon.ico  
info: Microsoft.AspNetCore.Hosting.Internal.WebHost[2]
      Request finished in 10.3315ms 200 
info: Microsoft.AspNetCore.Hosting.Internal.WebHost[1]
      Request starting HTTP/1.1 GET http://localhost:56565/  
info: Microsoft.AspNetCore.Mvc.Internal.ControllerActionInvoker[1]
      Executing action method Dubno.Controllers.HomeController.Index (Dubno) with arguments ((null)) - ModelState is Valid
info: Microsoft.AspNetCore.Mvc.ViewFeatures.Internal.ViewResultExecutor[1]
      Executing ViewResult, running view at path /Views/Home/Index.cshtml.
info: Microsoft.AspNetCore.Mvc.Internal.ControllerActionInvoker[2]
      Executed action Dubno.Controllers.HomeController.Index (Dubno) in 692.2028ms
info: Microsoft.AspNetCore.Hosting.Internal.WebHost[1]
      Request starting HTTP/1.1 GET http://localhost:56565/css/styles.css  
info: Microsoft.AspNetCore.StaticFiles.StaticFileMiddleware[2]
      Sending file. Request path: '/css/styles.css'. Physical path: 'C:\Users\glenj392\Documents\Visual Studio 2015\Projects\HumansOfDubno\src\Dubno\wwwroot\css\styles.css'
info: Microsoft.AspNetCore.Hosting.Internal.WebHost[2]
      Request finished in 54.9522ms 200 text/css
info: Microsoft.AspNetCore.Hosting.Internal.WebHost[2]
      Request finished in 1452.0225ms 200 text/html; charset=utf-8
info: Microsoft.AspNetCore.Hosting.Internal.WebHost[1]
      Request starting HTTP/1.1 GET http://localhost:56565/favicon.ico  
info: Microsoft.AspNetCore.Hosting.Internal.WebHost[2]
      Request finished in 1.324ms 200 
info: Microsoft.AspNetCore.Hosting.Internal.WebHost[1]
      Request starting HTTP/1.1 GET http://localhost:56565/  
info: Microsoft.AspNetCore.Mvc.Internal.ControllerActionInvoker[1]
      Executing action method Dubno.Controllers.HomeController.Index (Dubno) with arguments ((null)) - ModelState is Valid
info: Microsoft.AspNetCore.Mvc.ViewFeatures.Internal.ViewResultExecutor[1]
      Executing ViewResult, running view at path /Views/Home/Index.cshtml.
info: Microsoft.AspNetCore.Mvc.Internal.ControllerActionInvoker[2]
      Executed action Dubno.Controllers.HomeController.Index (Dubno) in 773.0919ms
info: Microsoft.AspNetCore.Hosting.Internal.WebHost[1]
      Request starting HTTP/1.1 GET http://localhost:56565/css/styles.css  
info: Microsoft.AspNetCore.StaticFiles.StaticFileMiddleware[6]
      The file /css/styles.css was not modified
info: Microsoft.AspNetCore.Hosting.Internal.WebHost[2]
      Request finished in 21.3636ms 304 text/css
info: Microsoft.AspNetCore.Hosting.Internal.WebHost[2]
      Request finished in 1420.405ms 200 text/html; charset=utf-8
info: Microsoft.AspNetCore.Hosting.Internal.WebHost[1]
      Request starting HTTP/1.1 GET http://localhost:56565/favicon.ico  
info: Microsoft.AspNetCore.Hosting.Internal.WebHost[2]
      Request finished in 1.0053ms 200 
info: Microsoft.AspNetCore.Hosting.Internal.WebHost[1]
      Request starting HTTP/1.1 GET http://localhost:56565/  
info: Microsoft.AspNetCore.Mvc.Internal.ControllerActionInvoker[1]
      Executing action method Dubno.Controllers.HomeController.Index (Dubno) with arguments ((null)) - ModelState is Valid
info: Microsoft.AspNetCore.Mvc.ViewFeatures.Internal.ViewResultExecutor[1]
      Executing ViewResult, running view at path /Views/Home/Index.cshtml.
info: Microsoft.AspNetCore.Mvc.Internal.ControllerActionInvoker[2]
      Executed action Dubno.Controllers.HomeController.Index (Dubno) in 695.875ms
info: Microsoft.AspNetCore.Hosting.Internal.WebHost[1]
      Request starting HTTP/1.1 GET http://localhost:56565/css/styles.css  
info: Microsoft.AspNetCore.StaticFiles.StaticFileMiddleware[6]
      The file /css/styles.css was not modified
info: Microsoft.AspNetCore.Hosting.Internal.WebHost[2]
      Request finished in 0.5127ms 304 text/css
info: Microsoft.AspNetCore.Hosting.Internal.WebHost[2]
      Request finished in 1336.5894ms 200 text/html; charset=utf-8
info: Microsoft.AspNetCore.Hosting.Internal.WebHost[1]
      Request starting HTTP/1.1 GET http://localhost:56565/favicon.ico  
info: Microsoft.AspNetCore.Hosting.Internal.WebHost[2]
      Request finished in 0.8438ms 200 
info: Microsoft.AspNetCore.Hosting.Internal.WebHost[1]
      Request starting HTTP/1.1 GET http://localhost:56565/  
info: Microsoft.AspNetCore.Mvc.Internal.ControllerActionInvoker[1]
      Executing action method Dubno.Controllers.HomeController.Index (Dubno) with arguments ((null)) - ModelState is Valid
info: Microsoft.AspNetCore.Mvc.ViewFeatures.Internal.ViewResultExecutor[1]
      Executing ViewResult, running view at path /Views/Home/Index.cshtml.
info: Microsoft.AspNetCore.Mvc.Internal.ControllerActionInvoker[2]
      Executed action Dubno.Controllers.HomeController.Index (Dubno) in 1499.2217ms
info: Microsoft.AspNetCore.Hosting.Internal.WebHost[1]
      Request starting HTTP/1.1 GET http://localhost:56565/css/styles.css  
info: Microsoft.AspNetCore.StaticFiles.StaticFileMiddleware[2]
      Sending file. Request path: '/css/styles.css'. Physical path: 'C:\Users\glenj392\Documents\Visual Studio 2015\Projects\HumansOfDubno\src\Dubno\wwwroot\css\styles.css'
info: Microsoft.AspNetCore.Hosting.Internal.WebHost[2]
      Request finished in 3.7658ms 200 text/css
info: Microsoft.AspNetCore.Hosting.Internal.WebHost[2]
      Request finished in 2056.5502ms 200 text/html; charset=utf-8
info: Microsoft.AspNetCore.Hosting.Internal.WebHost[1]
      Request starting HTTP/1.1 GET http://localhost:56565/favicon.ico  
info: Microsoft.AspNetCore.Hosting.Internal.WebHost[2]
      Request finished in 0.7737ms 200 
info: Microsoft.AspNetCore.Hosting.Internal.WebHost[1]
      Request starting HTTP/1.1 GET http://localhost:56565/  
info: Microsoft.AspNetCore.Mvc.Internal.ControllerActionInvoker[1]
      Executing action method Dubno.Controllers.HomeController.Index (Dubno) with arguments ((null)) - ModelState is Valid
info: Microsoft.AspNetCore.Mvc.ViewFeatures.Internal.ViewResultExecutor[1]
      Executing ViewResult, running view at path /Views/Home/Index.cshtml.
info: Microsoft.AspNetCore.Mvc.Internal.ControllerActionInvoker[2]
      Executed action Dubno.Controllers.HomeController.Index (Dubno) in 708.6993ms
info: Microsoft.AspNetCore.Hosting.Internal.WebHost[1]
      Request starting HTTP/1.1 GET http://localhost:56565/css/styles.css  
info: Microsoft.AspNetCore.StaticFiles.StaticFileMiddleware[2]
      Sending file. Request path: '/css/styles.css'. Physical path: 'C:\Users\glenj392\Documents\Visual Studio 2015\Projects\HumansOfDubno\src\Dubno\wwwroot\css\styles.css'
info: Microsoft.AspNetCore.Hosting.Internal.WebHost[2]
      Request finished in 9.7897ms 200 text/css
info: Microsoft.AspNetCore.Hosting.Internal.WebHost[2]
      Request finished in 1294.1704ms 200 text/html; charset=utf-8
info: Microsoft.AspNetCore.Hosting.Internal.WebHost[1]
      Request starting HTTP/1.1 GET http://localhost:56565/favicon.ico  
info: Microsoft.AspNetCore.Hosting.Internal.WebHost[2]
      Request finished in 2.0081ms 200 
info: Microsoft.AspNetCore.Hosting.Internal.WebHost[1]
      Request starting HTTP/1.1 GET http://localhost:56565/  
info: Microsoft.AspNetCore.Mvc.Internal.ControllerActionInvoker[1]
      Executing action method Dubno.Controllers.HomeController.Index (Dubno) with arguments ((null)) - ModelState is Valid
info: Microsoft.AspNetCore.Mvc.ViewFeatures.Internal.ViewResultExecutor[1]
      Executing ViewResult, running view at path /Views/Home/Index.cshtml.
info: Microsoft.AspNetCore.Mvc.Internal.ControllerActionInvoker[2]
      Executed action Dubno.Controllers.HomeController.Index (Dubno) in 627.7459ms
info: Microsoft.AspNetCore.Hosting.Internal.WebHost[1]
      Request starting HTTP/1.1 GET http://localhost:56565/css/styles.css  
info: Microsoft.AspNetCore.StaticFiles.StaticFileMiddleware[2]
      Sending file. Request path: '/css/styles.css'. Physical path: 'C:\Users\glenj392\Documents\Visual Studio 2015\Projects\HumansOfDubno\src\Dubno\wwwroot\css\styles.css'
info: Microsoft.AspNetCore.Hosting.Internal.WebHost[2]
      Request finished in 6.0301ms 200 text/css
info: Microsoft.AspNetCore.Hosting.Internal.WebHost[2]
      Request finished in 1201.4116ms 200 text/html; charset=utf-8
info: Microsoft.AspNetCore.Hosting.Internal.WebHost[1]
      Request starting HTTP/1.1 GET http://localhost:56565/favicon.ico  
info: Microsoft.AspNetCore.Hosting.Internal.WebHost[2]
      Request finished in 1.0388ms 200 
info: Microsoft.AspNetCore.Hosting.Internal.WebHost[1]
      Request starting HTTP/1.1 GET http://localhost:56565/  
info: Microsoft.AspNetCore.Mvc.Internal.ControllerActionInvoker[1]
      Executing action method Dubno.Controllers.HomeController.Index (Dubno) with arguments ((null)) - ModelState is Valid
info: Microsoft.AspNetCore.Mvc.ViewFeatures.Internal.ViewResultExecutor[1]
      Executing ViewResult, running view at path /Views/Home/Index.cshtml.
info: Microsoft.AspNetCore.Mvc.Internal.ControllerActionInvoker[2]
      Executed action Dubno.Controllers.HomeController.Index (Dubno) in 595.3582ms
info: Microsoft.AspNetCore.Hosting.Internal.WebHost[1]
      Request starting HTTP/1.1 GET http://localhost:56565/css/styles.css  
info: Microsoft.AspNetCore.StaticFiles.StaticFileMiddleware[2]
      Sending file. Request path: '/css/styles.css'. Physical path: 'C:\Users\glenj392\Documents\Visual Studio 2015\Projects\HumansOfDubno\src\Dubno\wwwroot\css\styles.css'
info: Microsoft.AspNetCore.Hosting.Internal.WebHost[2]
      Request finished in 4.6378ms 200 text/css
info: Microsoft.AspNetCore.Hosting.Internal.WebHost[2]
      Request finished in 1370.635ms 200 text/html; charset=utf-8
info: Microsoft.AspNetCore.Hosting.Internal.WebHost[1]
      Request starting HTTP/1.1 GET http://localhost:56565/favicon.ico  
info: Microsoft.AspNetCore.Hosting.Internal.WebHost[2]
      Request finished in 1.0683ms 200 
info: Microsoft.AspNetCore.Hosting.Internal.WebHost[1]
      Request starting HTTP/1.1 GET http://localhost:56565/  
info: Microsoft.AspNetCore.Mvc.Internal.ControllerActionInvoker[1]
      Executing action method Dubno.Controllers.HomeController.Index (Dubno) with arguments ((null)) - ModelState is Valid
info: Microsoft.AspNetCore.Mvc.ViewFeatures.Internal.ViewResultExecutor[1]
      Executing ViewResult, running view at path /Views/Home/Index.cshtml.
info: Microsoft.AspNetCore.Mvc.Internal.ControllerActionInvoker[2]
      Executed action Dubno.Controllers.HomeController.Index (Dubno) in 631.9572ms
info: Microsoft.AspNetCore.Hosting.Internal.WebHost[1]
      Request starting HTTP/1.1 GET http://localhost:56565/css/styles.css  
info: Microsoft.AspNetCore.StaticFiles.StaticFileMiddleware[2]
      Sending file. Request path: '/css/styles.css'. Physical path: 'C:\Users\glenj392\Documents\Visual Studio 2015\Projects\HumansOfDubno\src\Dubno\wwwroot\css\styles.css'
info: Microsoft.AspNetCore.Hosting.Internal.WebHost[2]
      Request finished in 11.6408ms 200 text/css
info: Microsoft.AspNetCore.Hosting.Internal.WebHost[2]
      Request finished in 1277.0185ms 200 text/html; charset=utf-8
info: Microsoft.AspNetCore.Hosting.Internal.WebHost[1]
      Request starting HTTP/1.1 GET http://localhost:56565/favicon.ico  
info: Microsoft.AspNetCore.Hosting.Internal.WebHost[2]
      Request finished in 2.8363ms 200 
info: Microsoft.AspNetCore.Hosting.Internal.WebHost[1]
      Request starting HTTP/1.1 GET http://localhost:56565/  
info: Microsoft.AspNetCore.Mvc.Internal.ControllerActionInvoker[1]
      Executing action method Dubno.Controllers.HomeController.Index (Dubno) with arguments ((null)) - ModelState is Valid
info: Microsoft.AspNetCore.Mvc.ViewFeatures.Internal.ViewResultExecutor[1]
      Executing ViewResult, running view at path /Views/Home/Index.cshtml.
info: Microsoft.AspNetCore.Mvc.Internal.ControllerActionInvoker[2]
      Executed action Dubno.Controllers.HomeController.Index (Dubno) in 771.1606ms
info: Microsoft.AspNetCore.Hosting.Internal.WebHost[1]
      Request starting HTTP/1.1 GET http://localhost:56565/css/styles.css  
info: Microsoft.AspNetCore.StaticFiles.StaticFileMiddleware[6]
      The file /css/styles.css was not modified
info: Microsoft.AspNetCore.Hosting.Internal.WebHost[2]
      Request finished in 2.191ms 304 text/css
info: Microsoft.AspNetCore.Hosting.Internal.WebHost[2]
      Request finished in 1383.0599ms 200 text/html; charset=utf-8
info: Microsoft.AspNetCore.Hosting.Internal.WebHost[1]
      Request starting HTTP/1.1 GET http://localhost:56565/favicon.ico  
info: Microsoft.AspNetCore.Hosting.Internal.WebHost[2]
      Request finished in 2.1513ms 200 
info: Microsoft.AspNetCore.Hosting.Internal.WebHost[1]
      Request starting HTTP/1.1 GET http://localhost:56565/  
info: Microsoft.AspNetCore.Mvc.Internal.ControllerActionInvoker[1]
      Executing action method Dubno.Controllers.HomeController.Index (Dubno) with arguments ((null)) - ModelState is Valid
info: Microsoft.AspNetCore.Mvc.ViewFeatures.Internal.ViewResultExecutor[1]
      Executing ViewResult, running view at path /Views/Home/Index.cshtml.
info: Microsoft.AspNetCore.Mvc.Internal.ControllerActionInvoker[2]
      Executed action Dubno.Controllers.HomeController.Index (Dubno) in 693.8464ms
info: Microsoft.AspNetCore.Hosting.Internal.WebHost[1]
      Request starting HTTP/1.1 GET http://localhost:56565/css/styles.css  
info: Microsoft.AspNetCore.StaticFiles.StaticFileMiddleware[2]
      Sending file. Request path: '/css/styles.css'. Physical path: 'C:\Users\glenj392\Documents\Visual Studio 2015\Projects\HumansOfDubno\src\Dubno\wwwroot\css\styles.css'
info: Microsoft.AspNetCore.Hosting.Internal.WebHost[2]
      Request finished in 6.0604ms 200 text/css
info: Microsoft.AspNetCore.Hosting.Internal.WebHost[2]
      Request finished in 1378.0003ms 200 text/html; charset=utf-8
info: Microsoft.AspNetCore.Hosting.Internal.WebHost[1]
      Request starting HTTP/1.1 GET http://localhost:56565/favicon.ico  
info: Microsoft.AspNetCore.Hosting.Internal.WebHost[2]
      Request finished in 1.0062ms 200 
info: Microsoft.AspNetCore.Hosting.Internal.WebHost[1]
      Request starting HTTP/1.1 GET http://localhost:56565/  
info: Microsoft.AspNetCore.Mvc.Internal.ControllerActionInvoker[1]
      Executing action method Dubno.Controllers.HomeController.Index (Dubno) with arguments ((null)) - ModelState is Valid
info: Microsoft.AspNetCore.Mvc.ViewFeatures.Internal.ViewResultExecutor[1]
      Executing ViewResult, running view at path /Views/Home/Index.cshtml.
info: Microsoft.AspNetCore.Mvc.Internal.ControllerActionInvoker[2]
      Executed action Dubno.Controllers.HomeController.Index (Dubno) in 620.7822ms
info: Microsoft.AspNetCore.Hosting.Internal.WebHost[1]
      Request starting HTTP/1.1 GET http://localhost:56565/css/styles.css  
info: Microsoft.AspNetCore.StaticFiles.StaticFileMiddleware[2]
      Sending file. Request path: '/css/styles.css'. Physical path: 'C:\Users\glenj392\Documents\Visual Studio 2015\Projects\HumansOfDubno\src\Dubno\wwwroot\css\styles.css'
info: Microsoft.AspNetCore.Hosting.Internal.WebHost[2]
      Request finished in 5.9569ms 200 text/css
info: Microsoft.AspNetCore.Hosting.Internal.WebHost[2]
      Request finished in 1162.5385ms 200 text/html; charset=utf-8
info: Microsoft.AspNetCore.Hosting.Internal.WebHost[1]
      Request starting HTTP/1.1 GET http://localhost:56565/favicon.ico  
info: Microsoft.AspNetCore.Hosting.Internal.WebHost[2]
      Request finished in 0.8139ms 200 
info: Microsoft.AspNetCore.Hosting.Internal.WebHost[1]
      Request starting HTTP/1.1 GET http://localhost:56565/  
info: Microsoft.AspNetCore.Mvc.Internal.ControllerActionInvoker[1]
      Executing action method Dubno.Controllers.HomeController.Index (Dubno) with arguments ((null)) - ModelState is Valid
info: Microsoft.AspNetCore.Mvc.ViewFeatures.Internal.ViewResultExecutor[1]
      Executing ViewResult, running view at path /Views/Home/Index.cshtml.
info: Microsoft.AspNetCore.Mvc.Internal.ControllerActionInvoker[2]
      Executed action Dubno.Controllers.HomeController.Index (Dubno) in 651.4038ms
info: Microsoft.AspNetCore.Hosting.Internal.WebHost[1]
      Request starting HTTP/1.1 GET http://localhost:56565/css/styles.css  
info: Microsoft.AspNetCore.StaticFiles.StaticFileMiddleware[2]
      Sending file. Request path: '/css/styles.css'. Physical path: 'C:\Users\glenj392\Documents\Visual Studio 2015\Projects\HumansOfDubno\src\Dubno\wwwroot\css\styles.css'
info: Microsoft.AspNetCore.Hosting.Internal.WebHost[2]
      Request finished in 20.2141ms 200 text/css
info: Microsoft.AspNetCore.Hosting.Internal.WebHost[2]
      Request finished in 1460.4294ms 200 text/html; charset=utf-8
info: Microsoft.AspNetCore.Hosting.Internal.WebHost[1]
      Request starting HTTP/1.1 GET http://localhost:56565/favicon.ico  
info: Microsoft.AspNetCore.Hosting.Internal.WebHost[2]
      Request finished in 2.2013ms 200 
info: Microsoft.AspNetCore.Hosting.Internal.WebHost[1]
      Request starting HTTP/1.1 GET http://localhost:56565/  
info: Microsoft.AspNetCore.Mvc.Internal.ControllerActionInvoker[1]
      Executing action method Dubno.Controllers.HomeController.Index (Dubno) with arguments ((null)) - ModelState is Valid
info: Microsoft.AspNetCore.Mvc.ViewFeatures.Internal.ViewResultExecutor[1]
      Executing ViewResult, running view at path /Views/Home/Index.cshtml.
info: Microsoft.AspNetCore.Mvc.Internal.ControllerActionInvoker[2]
      Executed action Dubno.Controllers.HomeController.Index (Dubno) in 669.2006ms
info: Microsoft.AspNetCore.Hosting.Internal.WebHost[1]
      Request starting HTTP/1.1 GET http://localhost:56565/css/styles.css  
info: Microsoft.AspNetCore.StaticFiles.StaticFileMiddleware[2]
      Sending file. Request path: '/css/styles.css'. Physical path: 'C:\Users\glenj392\Documents\Visual Studio 2015\Projects\HumansOfDubno\src\Dubno\wwwroot\css\styles.css'
info: Microsoft.AspNetCore.Hosting.Internal.WebHost[2]
      Request finished in 2.5337ms 200 text/css
info: Microsoft.AspNetCore.Hosting.Internal.WebHost[2]
      Request finished in 1299.0957ms 200 text/html; charset=utf-8
info: Microsoft.AspNetCore.Hosting.Internal.WebHost[1]
      Request starting HTTP/1.1 GET http://localhost:56565/favicon.ico  
info: Microsoft.AspNetCore.Hosting.Internal.WebHost[2]
      Request finished in 1.589ms 200 
info: Microsoft.AspNetCore.Hosting.Internal.WebHost[1]
      Request starting HTTP/1.1 GET http://localhost:56565/  
info: Microsoft.AspNetCore.Mvc.Internal.ControllerActionInvoker[1]
      Executing action method Dubno.Controllers.HomeController.Index (Dubno) with arguments ((null)) - ModelState is Valid
info: Microsoft.AspNetCore.Mvc.ViewFeatures.Internal.ViewResultExecutor[1]
      Executing ViewResult, running view at path /Views/Home/Index.cshtml.
info: Microsoft.AspNetCore.Mvc.Internal.ControllerActionInvoker[2]
      Executed action Dubno.Controllers.HomeController.Index (Dubno) in 683.3578ms
info: Microsoft.AspNetCore.Hosting.Internal.WebHost[1]
      Request starting HTTP/1.1 GET http://localhost:56565/css/styles.css  
info: Microsoft.AspNetCore.StaticFiles.StaticFileMiddleware[2]
      Sending file. Request path: '/css/styles.css'. Physical path: 'C:\Users\glenj392\Documents\Visual Studio 2015\Projects\HumansOfDubno\src\Dubno\wwwroot\css\styles.css'
info: Microsoft.AspNetCore.Hosting.Internal.WebHost[2]
      Request finished in 10.103ms 200 text/css
info: Microsoft.AspNetCore.Hosting.Internal.WebHost[2]
      Request finished in 1423.6617ms 200 text/html; charset=utf-8
info: Microsoft.AspNetCore.Hosting.Internal.WebHost[1]
      Request starting HTTP/1.1 GET http://localhost:56565/favicon.ico  
info: Microsoft.AspNetCore.Hosting.Internal.WebHost[2]
      Request finished in 3.9475ms 200 
info: Microsoft.AspNetCore.Hosting.Internal.WebHost[1]
      Request starting HTTP/1.1 GET http://localhost:56565/  
info: Microsoft.AspNetCore.Mvc.Internal.ControllerActionInvoker[1]
      Executing action method Dubno.Controllers.HomeController.Index (Dubno) with arguments ((null)) - ModelState is Valid
info: Microsoft.AspNetCore.Mvc.ViewFeatures.Internal.ViewResultExecutor[1]
      Executing ViewResult, running view at path /Views/Home/Index.cshtml.
info: Microsoft.AspNetCore.Mvc.Internal.ControllerActionInvoker[2]
      Executed action Dubno.Controllers.HomeController.Index (Dubno) in 672.7795ms
info: Microsoft.AspNetCore.Hosting.Internal.WebHost[1]
      Request starting HTTP/1.1 GET http://localhost:56565/css/styles.css  
info: Microsoft.AspNetCore.StaticFiles.StaticFileMiddleware[2]
      Sending file. Request path: '/css/styles.css'. Physical path: 'C:\Users\glenj392\Documents\Visual Studio 2015\Projects\HumansOfDubno\src\Dubno\wwwroot\css\styles.css'
info: Microsoft.AspNetCore.Hosting.Internal.WebHost[2]
      Request finished in 2.5458ms 200 text/css
info: Microsoft.AspNetCore.Hosting.Internal.WebHost[2]
      Request finished in 1209.4766ms 200 text/html; charset=utf-8
info: Microsoft.AspNetCore.Hosting.Internal.WebHost[1]
      Request starting HTTP/1.1 GET http://localhost:56565/favicon.ico  
info: Microsoft.AspNetCore.Hosting.Internal.WebHost[2]
      Request finished in 0.9072ms 200 
info: Microsoft.AspNetCore.Hosting.Internal.WebHost[1]
      Request starting HTTP/1.1 GET http://localhost:56565/  
info: Microsoft.AspNetCore.Mvc.Internal.ControllerActionInvoker[1]
      Executing action method Dubno.Controllers.HomeController.Index (Dubno) with arguments ((null)) - ModelState is Valid
info: Microsoft.AspNetCore.Mvc.ViewFeatures.Internal.ViewResultExecutor[1]
      Executing ViewResult, running view at path /Views/Home/Index.cshtml.
info: Microsoft.AspNetCore.Mvc.Internal.ControllerActionInvoker[2]
      Executed action Dubno.Controllers.HomeController.Index (Dubno) in 803.7282ms
info: Microsoft.AspNetCore.Hosting.Internal.WebHost[1]
      Request starting HTTP/1.1 GET http://localhost:56565/css/styles.css  
info: Microsoft.AspNetCore.StaticFiles.StaticFileMiddleware[6]
      The file /css/styles.css was not modified
info: Microsoft.AspNetCore.Hosting.Internal.WebHost[2]
      Request finished in 2.6712ms 304 text/css
info: Microsoft.AspNetCore.Hosting.Internal.WebHost[2]
      Request finished in 1488.2806ms 200 text/html; charset=utf-8
info: Microsoft.AspNetCore.Hosting.Internal.WebHost[1]
      Request starting HTTP/1.1 GET http://localhost:56565/favicon.ico  
info: Microsoft.AspNetCore.Hosting.Internal.WebHost[2]
      Request finished in 1.3293ms 200 
info: Microsoft.AspNetCore.Hosting.Internal.WebHost[1]
      Request starting HTTP/1.1 GET http://localhost:56565/  
info: Microsoft.AspNetCore.Mvc.Internal.ControllerActionInvoker[1]
      Executing action method Dubno.Controllers.HomeController.Index (Dubno) with arguments ((null)) - ModelState is Valid
info: Microsoft.AspNetCore.Mvc.ViewFeatures.Internal.ViewResultExecutor[1]
      Executing ViewResult, running view at path /Views/Home/Index.cshtml.
info: Microsoft.AspNetCore.Mvc.Internal.ControllerActionInvoker[2]
      Executed action Dubno.Controllers.HomeController.Index (Dubno) in 638.8022ms
info: Microsoft.AspNetCore.Hosting.Internal.WebHost[1]
      Request starting HTTP/1.1 GET http://localhost:56565/css/styles.css  
info: Microsoft.AspNetCore.StaticFiles.StaticFileMiddleware[2]
      Sending file. Request path: '/css/styles.css'. Physical path: 'C:\Users\glenj392\Documents\Visual Studio 2015\Projects\HumansOfDubno\src\Dubno\wwwroot\css\styles.css'
info: Microsoft.AspNetCore.Hosting.Internal.WebHost[2]
      Request finished in 8.9713ms 200 text/css
info: Microsoft.AspNetCore.Hosting.Internal.WebHost[2]
      Request finished in 1466.9857ms 200 text/html; charset=utf-8
info: Microsoft.AspNetCore.Hosting.Internal.WebHost[1]
      Request starting HTTP/1.1 GET http://localhost:56565/favicon.ico  
info: Microsoft.AspNetCore.Hosting.Internal.WebHost[2]
      Request finished in 2.179ms 200 
info: Microsoft.AspNetCore.Hosting.Internal.WebHost[1]
      Request starting HTTP/1.1 GET http://localhost:56565/  
info: Microsoft.AspNetCore.Mvc.Internal.ControllerActionInvoker[1]
      Executing action method Dubno.Controllers.HomeController.Index (Dubno) with arguments ((null)) - ModelState is Valid
info: Microsoft.AspNetCore.Mvc.ViewFeatures.Internal.ViewResultExecutor[1]
      Executing ViewResult, running view at path /Views/Home/Index.cshtml.
info: Microsoft.AspNetCore.Mvc.Internal.ControllerActionInvoker[2]
      Executed action Dubno.Controllers.HomeController.Index (Dubno) in 656.3397ms
info: Microsoft.AspNetCore.Hosting.Internal.WebHost[1]
      Request starting HTTP/1.1 GET http://localhost:56565/css/styles.css  
info: Microsoft.AspNetCore.StaticFiles.StaticFileMiddleware[2]
      Sending file. Request path: '/css/styles.css'. Physical path: 'C:\Users\glenj392\Documents\Visual Studio 2015\Projects\HumansOfDubno\src\Dubno\wwwroot\css\styles.css'
info: Microsoft.AspNetCore.Hosting.Internal.WebHost[2]
      Request finished in 8.8218ms 200 text/css
info: Microsoft.AspNetCore.Hosting.Internal.WebHost[2]
      Request finished in 1441.8142ms 200 text/html; charset=utf-8
info: Microsoft.AspNetCore.Hosting.Internal.WebHost[1]
      Request starting HTTP/1.1 GET http://localhost:56565/favicon.ico  
info: Microsoft.AspNetCore.Hosting.Internal.WebHost[2]
      Request finished in 1.3079ms 200 
info: Microsoft.AspNetCore.Hosting.Internal.WebHost[1]
      Request starting HTTP/1.1 GET http://localhost:56565/  
info: Microsoft.AspNetCore.Mvc.Internal.ControllerActionInvoker[1]
      Executing action method Dubno.Controllers.HomeController.Index (Dubno) with arguments ((null)) - ModelState is Valid
info: Microsoft.AspNetCore.Mvc.ViewFeatures.Internal.ViewResultExecutor[1]
      Executing ViewResult, running view at path /Views/Home/Index.cshtml.
info: Microsoft.AspNetCore.Mvc.Internal.ControllerActionInvoker[2]
      Executed action Dubno.Controllers.HomeController.Index (Dubno) in 676.4124ms
info: Microsoft.AspNetCore.Hosting.Internal.WebHost[1]
      Request starting HTTP/1.1 GET http://localhost:56565/css/styles.css  
info: Microsoft.AspNetCore.StaticFiles.StaticFileMiddleware[2]
      Sending file. Request path: '/css/styles.css'. Physical path: 'C:\Users\glenj392\Documents\Visual Studio 2015\Projects\HumansOfDubno\src\Dubno\wwwroot\css\styles.css'
info: Microsoft.AspNetCore.Hosting.Internal.WebHost[2]
      Request finished in 4.6516ms 200 text/css
info: Microsoft.AspNetCore.Hosting.Internal.WebHost[2]
      Request finished in 1351.8399ms 200 text/html; charset=utf-8
info: Microsoft.AspNetCore.Hosting.Internal.WebHost[1]
      Request starting HTTP/1.1 GET http://localhost:56565/favicon.ico  
info: Microsoft.AspNetCore.Hosting.Internal.WebHost[2]
      Request finished in 1.3017ms 200 
info: Microsoft.AspNetCore.Hosting.Internal.WebHost[1]
      Request starting HTTP/1.1 GET http://localhost:56565/  
info: Microsoft.AspNetCore.Mvc.Internal.ControllerActionInvoker[1]
      Executing action method Dubno.Controllers.HomeController.Index (Dubno) with arguments ((null)) - ModelState is Valid
info: Microsoft.AspNetCore.Mvc.ViewFeatures.Internal.ViewResultExecutor[1]
      Executing ViewResult, running view at path /Views/Home/Index.cshtml.
info: Microsoft.AspNetCore.Mvc.Internal.ControllerActionInvoker[2]
      Executed action Dubno.Controllers.HomeController.Index (Dubno) in 660.596ms
info: Microsoft.AspNetCore.Hosting.Internal.WebHost[1]
      Request starting HTTP/1.1 GET http://localhost:56565/css/styles.css  
info: Microsoft.AspNetCore.StaticFiles.StaticFileMiddleware[2]
      Sending file. Request path: '/css/styles.css'. Physical path: 'C:\Users\glenj392\Documents\Visual Studio 2015\Projects\HumansOfDubno\src\Dubno\wwwroot\css\styles.css'
info: Microsoft.AspNetCore.Hosting.Internal.WebHost[2]
      Request finished in 3.9247ms 200 text/css
info: Microsoft.AspNetCore.Hosting.Internal.WebHost[2]
      Request finished in 1296.7792ms 200 text/html; charset=utf-8
info: Microsoft.AspNetCore.Hosting.Internal.WebHost[1]
      Request starting HTTP/1.1 GET http://localhost:56565/favicon.ico  
info: Microsoft.AspNetCore.Hosting.Internal.WebHost[2]
      Request finished in 1.2954ms 200 
info: Microsoft.AspNetCore.Hosting.Internal.WebHost[1]
      Request starting HTTP/1.1 GET http://localhost:56565/  
info: Microsoft.AspNetCore.Mvc.Internal.ControllerActionInvoker[1]
      Executing action method Dubno.Controllers.HomeController.Index (Dubno) with arguments ((null)) - ModelState is Valid
info: Microsoft.AspNetCore.Mvc.ViewFeatures.Internal.ViewResultExecutor[1]
      Executing ViewResult, running view at path /Views/Home/Index.cshtml.
info: Microsoft.AspNetCore.Mvc.Internal.ControllerActionInvoker[2]
      Executed action Dubno.Controllers.HomeController.Index (Dubno) in 712.3648ms
info: Microsoft.AspNetCore.Hosting.Internal.WebHost[1]
      Request starting HTTP/1.1 GET http://localhost:56565/css/styles.css  
info: Microsoft.AspNetCore.StaticFiles.StaticFileMiddleware[2]
      Sending file. Request path: '/css/styles.css'. Physical path: 'C:\Users\glenj392\Documents\Visual Studio 2015\Projects\HumansOfDubno\src\Dubno\wwwroot\css\styles.css'
info: Microsoft.AspNetCore.Hosting.Internal.WebHost[2]
      Request finished in 13.1625ms 200 text/css
info: Microsoft.AspNetCore.Hosting.Internal.WebHost[2]
      Request finished in 1439.2549ms 200 text/html; charset=utf-8
info: Microsoft.AspNetCore.Hosting.Internal.WebHost[1]
      Request starting HTTP/1.1 GET http://localhost:56565/favicon.ico  
info: Microsoft.AspNetCore.Hosting.Internal.WebHost[2]
      Request finished in 0.8483ms 200 
info: Microsoft.AspNetCore.Hosting.Internal.WebHost[1]
      Request starting HTTP/1.1 GET http://localhost:56565/  
info: Microsoft.AspNetCore.Mvc.Internal.ControllerActionInvoker[1]
      Executing action method Dubno.Controllers.HomeController.Index (Dubno) with arguments ((null)) - ModelState is Valid
info: Microsoft.AspNetCore.Mvc.ViewFeatures.Internal.ViewResultExecutor[1]
      Executing ViewResult, running view at path /Views/Home/Index.cshtml.
info: Microsoft.AspNetCore.Mvc.Internal.ControllerActionInvoker[2]
      Executed action Dubno.Controllers.HomeController.Index (Dubno) in 792.3573ms
info: Microsoft.AspNetCore.Hosting.Internal.WebHost[1]
      Request starting HTTP/1.1 GET http://localhost:56565/css/styles.css  
info: Microsoft.AspNetCore.StaticFiles.StaticFileMiddleware[2]
      Sending file. Request path: '/css/styles.css'. Physical path: 'C:\Users\glenj392\Documents\Visual Studio 2015\Projects\HumansOfDubno\src\Dubno\wwwroot\css\styles.css'
info: Microsoft.AspNetCore.Hosting.Internal.WebHost[2]
      Request finished in 4.9828ms 200 text/css
info: Microsoft.AspNetCore.Hosting.Internal.WebHost[2]
      Request finished in 1671.2292ms 200 text/html; charset=utf-8
info: Microsoft.AspNetCore.Hosting.Internal.WebHost[1]
      Request starting HTTP/1.1 GET http://localhost:56565/favicon.ico  
info: Microsoft.AspNetCore.Hosting.Internal.WebHost[2]
      Request finished in 1.1178ms 200 
info: Microsoft.AspNetCore.Hosting.Internal.WebHost[1]
      Request starting HTTP/1.1 GET http://localhost:56565/  
info: Microsoft.AspNetCore.Mvc.Internal.ControllerActionInvoker[1]
      Executing action method Dubno.Controllers.HomeController.Index (Dubno) with arguments ((null)) - ModelState is Valid
info: Microsoft.AspNetCore.Mvc.ViewFeatures.Internal.ViewResultExecutor[1]
      Executing ViewResult, running view at path /Views/Home/Index.cshtml.
info: Microsoft.AspNetCore.Mvc.Internal.ControllerActionInvoker[2]
      Executed action Dubno.Controllers.HomeController.Index (Dubno) in 759.5068ms
info: Microsoft.AspNetCore.Hosting.Internal.WebHost[1]
      Request starting HTTP/1.1 GET http://localhost:56565/css/styles.css  
info: Microsoft.AspNetCore.StaticFiles.StaticFileMiddleware[2]
      Sending file. Request path: '/css/styles.css'. Physical path: 'C:\Users\glenj392\Documents\Visual Studio 2015\Projects\HumansOfDubno\src\Dubno\wwwroot\css\styles.css'
info: Microsoft.AspNetCore.Hosting.Internal.WebHost[2]
      Request finished in 9.8054ms 200 text/css
info: Microsoft.AspNetCore.Hosting.Internal.WebHost[2]
      Request finished in 1611.6953ms 200 text/html; charset=utf-8
info: Microsoft.AspNetCore.Hosting.Internal.WebHost[1]
      Request starting HTTP/1.1 GET http://localhost:56565/favicon.ico  
info: Microsoft.AspNetCore.Hosting.Internal.WebHost[2]
      Request finished in 1.328ms 200 
info: Microsoft.AspNetCore.Hosting.Internal.WebHost[1]
      Request starting HTTP/1.1 GET http://localhost:56565/  
info: Microsoft.AspNetCore.Mvc.Internal.ControllerActionInvoker[1]
      Executing action method Dubno.Controllers.HomeController.Index (Dubno) with arguments ((null)) - ModelState is Valid
info: Microsoft.AspNetCore.Mvc.ViewFeatures.Internal.ViewResultExecutor[1]
      Executing ViewResult, running view at path /Views/Home/Index.cshtml.
info: Microsoft.AspNetCore.Mvc.Internal.ControllerActionInvoker[2]
      Executed action Dubno.Controllers.HomeController.Index (Dubno) in 701.205ms
info: Microsoft.AspNetCore.Hosting.Internal.WebHost[1]
      Request starting HTTP/1.1 GET http://localhost:56565/css/styles.css  
info: Microsoft.AspNetCore.StaticFiles.StaticFileMiddleware[2]
      Sending file. Request path: '/css/styles.css'. Physical path: 'C:\Users\glenj392\Documents\Visual Studio 2015\Projects\HumansOfDubno\src\Dubno\wwwroot\css\styles.css'
info: Microsoft.AspNetCore.Hosting.Internal.WebHost[2]
      Request finished in 8.1757ms 200 text/css
info: Microsoft.AspNetCore.Hosting.Internal.WebHost[2]
      Request finished in 1620.1941ms 200 text/html; charset=utf-8
info: Microsoft.AspNetCore.Hosting.Internal.WebHost[1]
      Request starting HTTP/1.1 GET http://localhost:56565/favicon.ico  
info: Microsoft.AspNetCore.Hosting.Internal.WebHost[2]
      Request finished in 0.842ms 200 
info: Microsoft.AspNetCore.Hosting.Internal.WebHost[1]
      Request starting HTTP/1.1 GET http://localhost:56565/  
info: Microsoft.AspNetCore.Mvc.Internal.ControllerActionInvoker[1]
      Executing action method Dubno.Controllers.HomeController.Index (Dubno) with arguments ((null)) - ModelState is Valid
info: Microsoft.AspNetCore.Mvc.ViewFeatures.Internal.ViewResultExecutor[1]
      Executing ViewResult, running view at path /Views/Home/Index.cshtml.
info: Microsoft.AspNetCore.Mvc.Internal.ControllerActionInvoker[2]
      Executed action Dubno.Controllers.HomeController.Index (Dubno) in 644.6485ms
info: Microsoft.AspNetCore.Hosting.Internal.WebHost[1]
      Request starting HTTP/1.1 GET http://localhost:56565/css/styles.css  
info: Microsoft.AspNetCore.StaticFiles.StaticFileMiddleware[2]
      Sending file. Request path: '/css/styles.css'. Physical path: 'C:\Users\glenj392\Documents\Visual Studio 2015\Projects\HumansOfDubno\src\Dubno\wwwroot\css\styles.css'
info: Microsoft.AspNetCore.Hosting.Internal.WebHost[2]
      Request finished in 7.7763ms 200 text/css
info: Microsoft.AspNetCore.Hosting.Internal.WebHost[2]
      Request finished in 1514.7864ms 200 text/html; charset=utf-8
info: Microsoft.AspNetCore.Hosting.Internal.WebHost[1]
      Request starting HTTP/1.1 GET http://localhost:56565/favicon.ico  
info: Microsoft.AspNetCore.Hosting.Internal.WebHost[2]
      Request finished in 1.1138ms 200 
info: Microsoft.AspNetCore.Hosting.Internal.WebHost[1]
      Request starting HTTP/1.1 GET http://localhost:56565/  
info: Microsoft.AspNetCore.Mvc.Internal.ControllerActionInvoker[1]
      Executing action method Dubno.Controllers.HomeController.Index (Dubno) with arguments ((null)) - ModelState is Valid
info: Microsoft.AspNetCore.Mvc.ViewFeatures.Internal.ViewResultExecutor[1]
      Executing ViewResult, running view at path /Views/Home/Index.cshtml.
info: Microsoft.AspNetCore.Mvc.Internal.ControllerActionInvoker[2]
      Executed action Dubno.Controllers.HomeController.Index (Dubno) in 664.9951ms
info: Microsoft.AspNetCore.Hosting.Internal.WebHost[1]
      Request starting HTTP/1.1 GET http://localhost:56565/css/styles.css  
info: Microsoft.AspNetCore.StaticFiles.StaticFileMiddleware[2]
      Sending file. Request path: '/css/styles.css'. Physical path: 'C:\Users\glenj392\Documents\Visual Studio 2015\Projects\HumansOfDubno\src\Dubno\wwwroot\css\styles.css'
info: Microsoft.AspNetCore.Hosting.Internal.WebHost[2]
      Request finished in 2.6658ms 200 text/css
info: Microsoft.AspNetCore.Hosting.Internal.WebHost[2]
      Request finished in 1354.9119ms 200 text/html; charset=utf-8
info: Microsoft.AspNetCore.Hosting.Internal.WebHost[1]
      Request starting HTTP/1.1 GET http://localhost:56565/favicon.ico  
info: Microsoft.AspNetCore.Hosting.Internal.WebHost[2]
      Request finished in 1.1629ms 200 
info: Microsoft.AspNetCore.Hosting.Internal.WebHost[1]
      Request starting HTTP/1.1 GET http://localhost:56565/  
info: Microsoft.AspNetCore.Mvc.Internal.ControllerActionInvoker[1]
      Executing action method Dubno.Controllers.HomeController.Index (Dubno) with arguments ((null)) - ModelState is Valid
info: Microsoft.AspNetCore.Mvc.ViewFeatures.Internal.ViewResultExecutor[1]
      Executing ViewResult, running view at path /Views/Home/Index.cshtml.
info: Microsoft.AspNetCore.Mvc.Internal.ControllerActionInvoker[2]
      Executed action Dubno.Controllers.HomeController.Index (Dubno) in 619.9518ms
info: Microsoft.AspNetCore.Hosting.Internal.WebHost[1]
      Request starting HTTP/1.1 GET http://localhost:56565/css/styles.css  
info: Microsoft.AspNetCore.StaticFiles.StaticFileMiddleware[2]
      Sending file. Request path: '/css/styles.css'. Physical path: 'C:\Users\glenj392\Documents\Visual Studio 2015\Projects\HumansOfDubno\src\Dubno\wwwroot\css\styles.css'
info: Microsoft.AspNetCore.Hosting.Internal.WebHost[2]
      Request finished in 15.2692ms 200 text/css
info: Microsoft.AspNetCore.Hosting.Internal.WebHost[2]
      Request finished in 1303.7224ms 200 text/html; charset=utf-8
info: Microsoft.AspNetCore.Hosting.Internal.WebHost[1]
      Request starting HTTP/1.1 GET http://localhost:56565/favicon.ico  
info: Microsoft.AspNetCore.Hosting.Internal.WebHost[2]
      Request finished in 0.8264ms 200 
info: Microsoft.AspNetCore.Hosting.Internal.WebHost[1]
      Request starting HTTP/1.1 GET http://localhost:56565/Home/SuggestPost  
info: Microsoft.AspNetCore.Mvc.Internal.ControllerActionInvoker[1]
      Executing action method Dubno.Controllers.HomeController.SuggestPost (Dubno) with arguments ((null)) - ModelState is Valid
info: Microsoft.AspNetCore.Mvc.ViewFeatures.Internal.ViewResultExecutor[1]
      Executing ViewResult, running view at path /Views/Home/SuggestPost.cshtml.
info: Microsoft.AspNetCore.Mvc.Internal.ControllerActionInvoker[2]
      Executed action Dubno.Controllers.HomeController.SuggestPost (Dubno) in 1339.8814ms
info: Microsoft.AspNetCore.Hosting.Internal.WebHost[2]
      Request finished in 1349.6796ms 200 text/html; charset=utf-8
info: Microsoft.AspNetCore.Hosting.Internal.WebHost[1]
      Request starting HTTP/1.1 GET http://localhost:56565/css/styles.css  
info: Microsoft.AspNetCore.StaticFiles.StaticFileMiddleware[6]
      The file /css/styles.css was not modified
info: Microsoft.AspNetCore.Hosting.Internal.WebHost[2]
      Request finished in 4.209ms 304 text/css
info: Microsoft.AspNetCore.Hosting.Internal.WebHost[1]
      Request starting HTTP/1.1 GET http://localhost:56565/favicon.ico  
info: Microsoft.AspNetCore.Hosting.Internal.WebHost[2]
      Request finished in 1.303ms 200 
info: Microsoft.AspNetCore.Hosting.Internal.WebHost[1]
      Request starting HTTP/1.1 POST http://localhost:56565/Home/Upload multipart/form-data; boundary=----WebKitFormBoundaryylQAQRDR3ENJ7ilA 122516
info: Microsoft.AspNetCore.Mvc.Internal.ControllerActionInvoker[1]
      Executing action method Dubno.Controllers.HomeController.Upload (Dubno) with arguments (Dubno.ViewModels.PostViewModel, Microsoft.AspNetCore.Http.Internal.FormFile) - ModelState is Valid
info: Microsoft.AspNetCore.Mvc.RedirectToActionResult[1]
      Executing RedirectResult, redirecting to /.
info: Microsoft.AspNetCore.Mvc.Internal.ControllerActionInvoker[2]
      Executed action Dubno.Controllers.HomeController.Upload (Dubno) in 7270.8861ms
info: Microsoft.AspNetCore.Hosting.Internal.WebHost[2]
      Request finished in 7300.7575ms 302 
info: Microsoft.AspNetCore.Hosting.Internal.WebHost[1]
      Request starting HTTP/1.1 GET http://localhost:56565/  
info: Microsoft.AspNetCore.Mvc.Internal.ControllerActionInvoker[1]
      Executing action method Dubno.Controllers.HomeController.Index (Dubno) with arguments ((null)) - ModelState is Valid
info: Microsoft.AspNetCore.Mvc.ViewFeatures.Internal.ViewResultExecutor[1]
      Executing ViewResult, running view at path /Views/Home/Index.cshtml.
info: Microsoft.AspNetCore.Mvc.Internal.ControllerActionInvoker[2]
      Executed action Dubno.Controllers.HomeController.Index (Dubno) in 631.7675ms
info: Microsoft.AspNetCore.Hosting.Internal.WebHost[1]
      Request starting HTTP/1.1 GET http://localhost:56565/css/styles.css  
info: Microsoft.AspNetCore.StaticFiles.StaticFileMiddleware[6]
      The file /css/styles.css was not modified
info: Microsoft.AspNetCore.Hosting.Internal.WebHost[2]
      Request finished in 1.5716ms 304 text/css
info: Microsoft.AspNetCore.Hosting.Internal.WebHost[2]
      Request finished in 1217.7581ms 200 text/html; charset=utf-8
info: Microsoft.AspNetCore.Hosting.Internal.WebHost[1]
      Request starting HTTP/1.1 GET http://localhost:56565/favicon.ico  
info: Microsoft.AspNetCore.Hosting.Internal.WebHost[2]
      Request finished in 1.1789ms 200 
info: Microsoft.AspNetCore.Hosting.Internal.WebHost[1]
      Request starting HTTP/1.1 GET http://localhost:56565/Home/About  
info: Microsoft.AspNetCore.Mvc.Internal.ControllerActionInvoker[1]
      Executing action method Dubno.Controllers.HomeController.About (Dubno) with arguments ((null)) - ModelState is Valid
info: Microsoft.AspNetCore.Mvc.ViewFeatures.Internal.ViewResultExecutor[1]
      Executing ViewResult, running view at path /Views/Home/About.cshtml.
info: Microsoft.AspNetCore.Mvc.Internal.ControllerActionInvoker[2]
      Executed action Dubno.Controllers.HomeController.About (Dubno) in 178.993ms
info: Microsoft.AspNetCore.Hosting.Internal.WebHost[2]
      Request finished in 186.2584ms 200 text/html; charset=utf-8
info: Microsoft.AspNetCore.Hosting.Internal.WebHost[1]
      Request starting HTTP/1.1 GET http://localhost:56565/css/styles.css  
info: Microsoft.AspNetCore.StaticFiles.StaticFileMiddleware[6]
      The file /css/styles.css was not modified
info: Microsoft.AspNetCore.Hosting.Internal.WebHost[2]
      Request finished in 0.7189ms 304 text/css
info: Microsoft.AspNetCore.Hosting.Internal.WebHost[1]
      Request starting HTTP/1.1 GET http://localhost:56565/images/cameraicon.png  
info: Microsoft.AspNetCore.StaticFiles.StaticFileMiddleware[2]
      Sending file. Request path: '/images/cameraicon.png'. Physical path: 'C:\Users\glenj392\Documents\Visual Studio 2015\Projects\HumansOfDubno\src\Dubno\wwwroot\images\cameraicon.png'
info: Microsoft.AspNetCore.Hosting.Internal.WebHost[2]
      Request finished in 25.4316ms 200 image/png
info: Microsoft.AspNetCore.Hosting.Internal.WebHost[1]
      Request starting HTTP/1.1 GET http://localhost:56565/images/phoneicon.png  
info: Microsoft.AspNetCore.StaticFiles.StaticFileMiddleware[2]
      Sending file. Request path: '/images/phoneicon.png'. Physical path: 'C:\Users\glenj392\Documents\Visual Studio 2015\Projects\HumansOfDubno\src\Dubno\wwwroot\images\phoneicon.png'
info: Microsoft.AspNetCore.Hosting.Internal.WebHost[1]
      Request starting HTTP/1.1 GET http://localhost:56565/images/flagicon.png  
info: Microsoft.AspNetCore.StaticFiles.StaticFileMiddleware[2]
      Sending file. Request path: '/images/flagicon.png'. Physical path: 'C:\Users\glenj392\Documents\Visual Studio 2015\Projects\HumansOfDubno\src\Dubno\wwwroot\images\flagicon.png'
info: Microsoft.AspNetCore.Hosting.Internal.WebHost[2]
      Request finished in 43.788ms 200 image/png
info: Microsoft.AspNetCore.Hosting.Internal.WebHost[2]
      Request finished in 69.4954ms 200 image/png
info: Microsoft.AspNetCore.Hosting.Internal.WebHost[1]
      Request starting HTTP/1.1 GET http://localhost:56565/favicon.ico  
info: Microsoft.AspNetCore.Hosting.Internal.WebHost[2]
      Request finished in 0.904ms 200 
info: Microsoft.AspNetCore.Hosting.Internal.WebHost[1]
      Request starting HTTP/1.1 GET http://localhost:56565/Account/login  
info: Microsoft.AspNetCore.Mvc.Internal.ControllerActionInvoker[1]
      Executing action method BreadsBakery.Controllers.AccountController.Login (Dubno) with arguments ((null)) - ModelState is Valid
info: Microsoft.AspNetCore.Mvc.ViewFeatures.Internal.ViewResultExecutor[1]
      Executing ViewResult, running view at path /Views/Account/Login.cshtml.
info: Microsoft.AspNetCore.Mvc.Internal.ControllerActionInvoker[2]
      Executed action BreadsBakery.Controllers.AccountController.Login (Dubno) in 165.8604ms
info: Microsoft.AspNetCore.Hosting.Internal.WebHost[2]
      Request finished in 178.6829ms 200 text/html; charset=utf-8
info: Microsoft.AspNetCore.Hosting.Internal.WebHost[1]
      Request starting HTTP/1.1 GET http://localhost:56565/css/styles.css  
info: Microsoft.AspNetCore.StaticFiles.StaticFileMiddleware[6]
      The file /css/styles.css was not modified
info: Microsoft.AspNetCore.Hosting.Internal.WebHost[2]
      Request finished in 1.5266ms 304 text/css
info: Microsoft.AspNetCore.Hosting.Internal.WebHost[1]
      Request starting HTTP/1.1 GET http://localhost:56565/favicon.ico  
info: Microsoft.AspNetCore.Hosting.Internal.WebHost[2]
      Request finished in 0.8617ms 200 
info: Microsoft.AspNetCore.Hosting.Internal.WebHost[1]
      Request starting HTTP/1.1 POST http://localhost:56565/Account/login?class=form-horizontal application/x-www-form-urlencoded 224
info: Microsoft.AspNetCore.Mvc.Internal.ControllerActionInvoker[1]
      Executing action method BreadsBakery.Controllers.AccountController.Login (Dubno) with arguments (Dubno.ViewModels.LoginViewModel) - ModelState is Valid
info: Microsoft.EntityFrameworkCore.Storage.IRelationalCommandBuilderFactory[1]
      Executed DbCommand (45ms) [Parameters=[@__normalizedUserName_0='?' (Size = 256)], CommandType='Text', CommandTimeout='30']
      SELECT TOP(1) [u].[Id], [u].[AccessFailedCount], [u].[ConcurrencyStamp], [u].[Email], [u].[EmailConfirmed], [u].[LockoutEnabled], [u].[LockoutEnd], [u].[NormalizedEmail], [u].[NormalizedUserName], [u].[PasswordHash], [u].[PhoneNumber], [u].[PhoneNumberConfirmed], [u].[SecurityStamp], [u].[TwoFactorEnabled], [u].[UserName]
      FROM [AspNetUsers] AS [u]
      WHERE [u].[NormalizedUserName] = @__normalizedUserName_0
info: Microsoft.EntityFrameworkCore.Storage.IRelationalCommandBuilderFactory[1]
      Executed DbCommand (49ms) [Parameters=[@__userId_0='?' (Size = 450)], CommandType='Text', CommandTimeout='30']
      SELECT [role].[Name]
      FROM [AspNetUserRoles] AS [userRole]
      INNER JOIN [AspNetRoles] AS [role] ON [userRole].[RoleId] = [role].[Id]
      WHERE [userRole].[UserId] = @__userId_0
info: Microsoft.EntityFrameworkCore.Storage.IRelationalCommandBuilderFactory[1]
      Executed DbCommand (2ms) [Parameters=[@__normalizedName_0='?' (Size = 256)], CommandType='Text', CommandTimeout='30']
      SELECT TOP(1) [r].[Id], [r].[ConcurrencyStamp], [r].[Name], [r].[NormalizedName]
      FROM [AspNetRoles] AS [r]
      WHERE [r].[NormalizedName] = @__normalizedName_0
info: Microsoft.EntityFrameworkCore.Storage.IRelationalCommandBuilderFactory[1]
      Executed DbCommand (2ms) [Parameters=[@__role_Id_0='?' (Size = 450)], CommandType='Text', CommandTimeout='30']
      SELECT [rc].[ClaimType], [rc].[ClaimValue]
      FROM [AspNetRoleClaims] AS [rc]
      WHERE [rc].[RoleId] = @__role_Id_0
info: Microsoft.EntityFrameworkCore.Storage.IRelationalCommandBuilderFactory[1]
      Executed DbCommand (2ms) [Parameters=[@__user_Id_0='?' (Size = 450)], CommandType='Text', CommandTimeout='30']
      SELECT [uc].[Id], [uc].[ClaimType], [uc].[ClaimValue], [uc].[UserId]
      FROM [AspNetUserClaims] AS [uc]
      WHERE [uc].[UserId] = @__user_Id_0
info: Microsoft.AspNetCore.Authentication.Cookies.CookieAuthenticationMiddleware[10]
      AuthenticationScheme: Identity.Application signed in.
info: Microsoft.AspNetCore.Mvc.RedirectToActionResult[1]
      Executing RedirectResult, redirecting to /Home/AdminView.
info: Microsoft.AspNetCore.Mvc.Internal.ControllerActionInvoker[2]
      Executed action BreadsBakery.Controllers.AccountController.Login (Dubno) in 818.6079ms
info: Microsoft.AspNetCore.Hosting.Internal.WebHost[2]
      Request finished in 824.6032ms 302 
info: Microsoft.AspNetCore.Hosting.Internal.WebHost[1]
      Request starting HTTP/1.1 GET http://localhost:56565/Home/AdminView  
info: Microsoft.AspNetCore.Authentication.Cookies.CookieAuthenticationMiddleware[3]
      HttpContext.User merged via AutomaticAuthentication from authenticationScheme: Identity.Application.
info: Microsoft.AspNetCore.Mvc.Internal.ControllerActionInvoker[1]
      Executing action method Dubno.Controllers.HomeController.AdminView (Dubno) with arguments ((null)) - ModelState is Valid
info: Microsoft.AspNetCore.Mvc.ViewFeatures.Internal.ViewResultExecutor[1]
      Executing ViewResult, running view at path /Views/Home/AdminView.cshtml.
info: Microsoft.AspNetCore.Mvc.Internal.ControllerActionInvoker[2]
      Executed action Dubno.Controllers.HomeController.AdminView (Dubno) in 157.1831ms
info: Microsoft.AspNetCore.Hosting.Internal.WebHost[1]
      Request starting HTTP/1.1 GET http://localhost:56565/css/styles.css  
info: Microsoft.AspNetCore.Authentication.Cookies.CookieAuthenticationMiddleware[3]
      HttpContext.User merged via AutomaticAuthentication from authenticationScheme: Identity.Application.
info: Microsoft.AspNetCore.StaticFiles.StaticFileMiddleware[6]
      The file /css/styles.css was not modified
info: Microsoft.AspNetCore.Hosting.Internal.WebHost[2]
      Request finished in 15.6008ms 304 text/css
info: Microsoft.AspNetCore.Hosting.Internal.WebHost[2]
      Request finished in 234.2568ms 200 text/html; charset=utf-8
info: Microsoft.AspNetCore.Hosting.Internal.WebHost[1]
      Request starting HTTP/1.1 GET http://localhost:56565/favicon.ico  
info: Microsoft.AspNetCore.Authentication.Cookies.CookieAuthenticationMiddleware[3]
      HttpContext.User merged via AutomaticAuthentication from authenticationScheme: Identity.Application.
info: Microsoft.AspNetCore.Hosting.Internal.WebHost[2]
      Request finished in 1.8827ms 200 
info: Microsoft.AspNetCore.Hosting.Internal.WebHost[1]
      Request starting HTTP/1.1 GET http://localhost:56565/Home/Edit/4007  
info: Microsoft.AspNetCore.Authentication.Cookies.CookieAuthenticationMiddleware[3]
      HttpContext.User merged via AutomaticAuthentication from authenticationScheme: Identity.Application.
info: Microsoft.AspNetCore.Mvc.Internal.ControllerActionInvoker[1]
      Executing action method Dubno.Controllers.HomeController.Edit (Dubno) with arguments (4007) - ModelState is Valid
info: Microsoft.AspNetCore.Mvc.ViewFeatures.Internal.ViewResultExecutor[1]
      Executing ViewResult, running view at path /Views/Home/Edit.cshtml.
info: Microsoft.AspNetCore.Mvc.Internal.ControllerActionInvoker[2]
      Executed action Dubno.Controllers.HomeController.Edit (Dubno) in 234.2746ms
info: Microsoft.AspNetCore.Hosting.Internal.WebHost[2]
      Request finished in 292.518ms 200 text/html; charset=utf-8
info: Microsoft.AspNetCore.Hosting.Internal.WebHost[1]
      Request starting HTTP/1.1 GET http://localhost:56565/favicon.ico  
info: Microsoft.AspNetCore.Authentication.Cookies.CookieAuthenticationMiddleware[3]
      HttpContext.User merged via AutomaticAuthentication from authenticationScheme: Identity.Application.
info: Microsoft.AspNetCore.Hosting.Internal.WebHost[2]
      Request finished in 0.9531ms 200 
info: Microsoft.AspNetCore.Hosting.Internal.WebHost[1]
      Request starting HTTP/1.1 GET http://localhost:56565/Home/Edit/4007  
info: Microsoft.AspNetCore.Authentication.Cookies.CookieAuthenticationMiddleware[3]
      HttpContext.User merged via AutomaticAuthentication from authenticationScheme: Identity.Application.
info: Microsoft.AspNetCore.Mvc.Internal.ControllerActionInvoker[1]
      Executing action method Dubno.Controllers.HomeController.Edit (Dubno) with arguments (4007) - ModelState is Valid
info: Microsoft.AspNetCore.Mvc.ViewFeatures.Internal.ViewResultExecutor[1]
      Executing ViewResult, running view at path /Views/Home/Edit.cshtml.
info: Microsoft.AspNetCore.Mvc.Internal.ControllerActionInvoker[2]
      Executed action Dubno.Controllers.HomeController.Edit (Dubno) in 187.2241ms
info: Microsoft.AspNetCore.Hosting.Internal.WebHost[1]
      Request starting HTTP/1.1 GET http://localhost:56565/css/styles.css  
info: Microsoft.AspNetCore.Authentication.Cookies.CookieAuthenticationMiddleware[3]
      HttpContext.User merged via AutomaticAuthentication from authenticationScheme: Identity.Application.
info: Microsoft.AspNetCore.StaticFiles.StaticFileMiddleware[2]
      Sending file. Request path: '/css/styles.css'. Physical path: 'C:\Users\glenj392\Documents\Visual Studio 2015\Projects\HumansOfDubno\src\Dubno\wwwroot\css\styles.css'
info: Microsoft.AspNetCore.Hosting.Internal.WebHost[2]
      Request finished in 37.5789ms 200 text/css
info: Microsoft.AspNetCore.Hosting.Internal.WebHost[2]
      Request finished in 298.8681ms 200 text/html; charset=utf-8
info: Microsoft.AspNetCore.Hosting.Internal.WebHost[1]
      Request starting HTTP/1.1 GET http://localhost:56565/favicon.ico  
info: Microsoft.AspNetCore.Authentication.Cookies.CookieAuthenticationMiddleware[3]
      HttpContext.User merged via AutomaticAuthentication from authenticationScheme: Identity.Application.
info: Microsoft.AspNetCore.Hosting.Internal.WebHost[2]
      Request finished in 2.9894ms 200 
info: Microsoft.AspNetCore.Hosting.Internal.WebHost[1]
      Request starting HTTP/1.1 GET http://localhost:56565/Home/Edit/4007  
info: Microsoft.AspNetCore.Authentication.Cookies.CookieAuthenticationMiddleware[3]
      HttpContext.User merged via AutomaticAuthentication from authenticationScheme: Identity.Application.
info: Microsoft.AspNetCore.Mvc.Internal.ControllerActionInvoker[1]
      Executing action method Dubno.Controllers.HomeController.Edit (Dubno) with arguments (4007) - ModelState is Valid
info: Microsoft.AspNetCore.Mvc.ViewFeatures.Internal.ViewResultExecutor[1]
      Executing ViewResult, running view at path /Views/Home/Edit.cshtml.
info: Microsoft.AspNetCore.Mvc.Internal.ControllerActionInvoker[2]
      Executed action Dubno.Controllers.HomeController.Edit (Dubno) in 180.1122ms
info: Microsoft.AspNetCore.Hosting.Internal.WebHost[1]
      Request starting HTTP/1.1 GET http://localhost:56565/css/styles.css  
info: Microsoft.AspNetCore.Authentication.Cookies.CookieAuthenticationMiddleware[3]
      HttpContext.User merged via AutomaticAuthentication from authenticationScheme: Identity.Application.
info: Microsoft.AspNetCore.StaticFiles.StaticFileMiddleware[6]
      The file /css/styles.css was not modified
info: Microsoft.AspNetCore.Hosting.Internal.WebHost[2]
      Request finished in 9.0048ms 304 text/css
info: Microsoft.AspNetCore.Hosting.Internal.WebHost[2]
      Request finished in 265.1353ms 200 text/html; charset=utf-8
info: Microsoft.AspNetCore.Hosting.Internal.WebHost[1]
      Request starting HTTP/1.1 GET http://localhost:56565/favicon.ico  
info: Microsoft.AspNetCore.Authentication.Cookies.CookieAuthenticationMiddleware[3]
      HttpContext.User merged via AutomaticAuthentication from authenticationScheme: Identity.Application.
info: Microsoft.AspNetCore.Hosting.Internal.WebHost[2]
      Request finished in 3.2607ms 200 
info: Microsoft.AspNetCore.Hosting.Internal.WebHost[1]
      Request starting HTTP/1.1 GET http://localhost:56565/Home/Edit/4007  
info: Microsoft.AspNetCore.Authentication.Cookies.CookieAuthenticationMiddleware[3]
      HttpContext.User merged via AutomaticAuthentication from authenticationScheme: Identity.Application.
info: Microsoft.AspNetCore.Mvc.Internal.ControllerActionInvoker[1]
      Executing action method Dubno.Controllers.HomeController.Edit (Dubno) with arguments (4007) - ModelState is Valid
info: Microsoft.AspNetCore.Mvc.ViewFeatures.Internal.ViewResultExecutor[1]
      Executing ViewResult, running view at path /Views/Home/Edit.cshtml.
info: Microsoft.AspNetCore.Mvc.Internal.ControllerActionInvoker[2]
      Executed action Dubno.Controllers.HomeController.Edit (Dubno) in 63.0744ms
info: Microsoft.AspNetCore.Hosting.Internal.WebHost[2]
      Request finished in 88.5413ms 200 text/html; charset=utf-8
info: Microsoft.AspNetCore.Hosting.Internal.WebHost[1]
      Request starting HTTP/1.1 GET http://localhost:56565/css/styles.css  
info: Microsoft.AspNetCore.Authentication.Cookies.CookieAuthenticationMiddleware[3]
      HttpContext.User merged via AutomaticAuthentication from authenticationScheme: Identity.Application.
info: Microsoft.AspNetCore.StaticFiles.StaticFileMiddleware[2]
      Sending file. Request path: '/css/styles.css'. Physical path: 'C:\Users\glenj392\Documents\Visual Studio 2015\Projects\HumansOfDubno\src\Dubno\wwwroot\css\styles.css'
info: Microsoft.AspNetCore.Hosting.Internal.WebHost[2]
      Request finished in 4.2081ms 200 text/css
info: Microsoft.AspNetCore.Hosting.Internal.WebHost[1]
      Request starting HTTP/1.1 GET http://localhost:56565/favicon.ico  
info: Microsoft.AspNetCore.Authentication.Cookies.CookieAuthenticationMiddleware[3]
      HttpContext.User merged via AutomaticAuthentication from authenticationScheme: Identity.Application.
info: Microsoft.AspNetCore.Hosting.Internal.WebHost[2]
      Request finished in 2.0009ms 200 
info: Microsoft.AspNetCore.Hosting.Internal.WebHost[1]
      Request starting HTTP/1.1 GET http://localhost:56565/Home/Edit/4007  
info: Microsoft.AspNetCore.Authentication.Cookies.CookieAuthenticationMiddleware[3]
      HttpContext.User merged via AutomaticAuthentication from authenticationScheme: Identity.Application.
info: Microsoft.AspNetCore.Mvc.Internal.ControllerActionInvoker[1]
      Executing action method Dubno.Controllers.HomeController.Edit (Dubno) with arguments (4007) - ModelState is Valid
info: Microsoft.AspNetCore.Mvc.ViewFeatures.Internal.ViewResultExecutor[1]
      Executing ViewResult, running view at path /Views/Home/Edit.cshtml.
info: Microsoft.AspNetCore.Mvc.Internal.ControllerActionInvoker[2]
      Executed action Dubno.Controllers.HomeController.Edit (Dubno) in 199.8515ms
info: Microsoft.AspNetCore.Hosting.Internal.WebHost[2]
      Request finished in 242.0523ms 200 text/html; charset=utf-8
info: Microsoft.AspNetCore.Hosting.Internal.WebHost[1]
      Request starting HTTP/1.1 GET http://localhost:56565/css/styles.css  
info: Microsoft.AspNetCore.Authentication.Cookies.CookieAuthenticationMiddleware[3]
      HttpContext.User merged via AutomaticAuthentication from authenticationScheme: Identity.Application.
info: Microsoft.AspNetCore.StaticFiles.StaticFileMiddleware[6]
      The file /css/styles.css was not modified
info: Microsoft.AspNetCore.Hosting.Internal.WebHost[2]
      Request finished in 0.8465ms 304 text/css
info: Microsoft.AspNetCore.Hosting.Internal.WebHost[1]
      Request starting HTTP/1.1 GET http://localhost:56565/favicon.ico  
info: Microsoft.AspNetCore.Authentication.Cookies.CookieAuthenticationMiddleware[3]
      HttpContext.User merged via AutomaticAuthentication from authenticationScheme: Identity.Application.
info: Microsoft.AspNetCore.Hosting.Internal.WebHost[2]
      Request finished in 6.9485ms 200 
info: Microsoft.AspNetCore.Hosting.Internal.WebHost[1]
      Request starting HTTP/1.1 GET http://localhost:56565/Home/Edit/4007  
info: Microsoft.AspNetCore.Authentication.Cookies.CookieAuthenticationMiddleware[3]
      HttpContext.User merged via AutomaticAuthentication from authenticationScheme: Identity.Application.
info: Microsoft.AspNetCore.Mvc.Internal.ControllerActionInvoker[1]
      Executing action method Dubno.Controllers.HomeController.Edit (Dubno) with arguments (4007) - ModelState is Valid
info: Microsoft.AspNetCore.Mvc.ViewFeatures.Internal.ViewResultExecutor[1]
      Executing ViewResult, running view at path /Views/Home/Edit.cshtml.
info: Microsoft.AspNetCore.Mvc.Internal.ControllerActionInvoker[2]
      Executed action Dubno.Controllers.HomeController.Edit (Dubno) in 162.6693ms
info: Microsoft.AspNetCore.Hosting.Internal.WebHost[2]
      Request finished in 178.5124ms 200 text/html; charset=utf-8
info: Microsoft.AspNetCore.Hosting.Internal.WebHost[1]
      Request starting HTTP/1.1 GET http://localhost:56565/css/styles.css  
info: Microsoft.AspNetCore.Authentication.Cookies.CookieAuthenticationMiddleware[3]
      HttpContext.User merged via AutomaticAuthentication from authenticationScheme: Identity.Application.
info: Microsoft.AspNetCore.StaticFiles.StaticFileMiddleware[6]
      The file /css/styles.css was not modified
info: Microsoft.AspNetCore.Hosting.Internal.WebHost[2]
      Request finished in 2.3512ms 304 text/css
info: Microsoft.AspNetCore.Hosting.Internal.WebHost[1]
      Request starting HTTP/1.1 GET http://localhost:56565/favicon.ico  
info: Microsoft.AspNetCore.Authentication.Cookies.CookieAuthenticationMiddleware[3]
      HttpContext.User merged via AutomaticAuthentication from authenticationScheme: Identity.Application.
info: Microsoft.AspNetCore.Hosting.Internal.WebHost[2]
      Request finished in 1.4752ms 200 
info: Microsoft.AspNetCore.Hosting.Internal.WebHost[1]
      Request starting HTTP/1.1 GET http://localhost:56565/Home/Edit/4007  
info: Microsoft.AspNetCore.Authentication.Cookies.CookieAuthenticationMiddleware[3]
      HttpContext.User merged via AutomaticAuthentication from authenticationScheme: Identity.Application.
info: Microsoft.AspNetCore.Mvc.Internal.ControllerActionInvoker[1]
      Executing action method Dubno.Controllers.HomeController.Edit (Dubno) with arguments (4007) - ModelState is Valid
info: Microsoft.AspNetCore.Mvc.ViewFeatures.Internal.ViewResultExecutor[1]
      Executing ViewResult, running view at path /Views/Home/Edit.cshtml.
info: Microsoft.AspNetCore.Mvc.Internal.ControllerActionInvoker[2]
      Executed action Dubno.Controllers.HomeController.Edit (Dubno) in 156.4963ms
info: Microsoft.AspNetCore.Hosting.Internal.WebHost[2]
      Request finished in 184.9058ms 200 text/html; charset=utf-8
info: Microsoft.AspNetCore.Hosting.Internal.WebHost[1]
      Request starting HTTP/1.1 GET http://localhost:56565/css/styles.css  
info: Microsoft.AspNetCore.Authentication.Cookies.CookieAuthenticationMiddleware[3]
      HttpContext.User merged via AutomaticAuthentication from authenticationScheme: Identity.Application.
info: Microsoft.AspNetCore.StaticFiles.StaticFileMiddleware[6]
      The file /css/styles.css was not modified
info: Microsoft.AspNetCore.Hosting.Internal.WebHost[2]
      Request finished in 2.2008ms 304 text/css
info: Microsoft.AspNetCore.Hosting.Internal.WebHost[1]
      Request starting HTTP/1.1 GET http://localhost:56565/favicon.ico  
info: Microsoft.AspNetCore.Authentication.Cookies.CookieAuthenticationMiddleware[3]
      HttpContext.User merged via AutomaticAuthentication from authenticationScheme: Identity.Application.
info: Microsoft.AspNetCore.Hosting.Internal.WebHost[2]
      Request finished in 2.3428ms 200 
info: Microsoft.AspNetCore.Hosting.Internal.WebHost[1]
      Request starting HTTP/1.1 GET http://localhost:56565/Home/Edit/4007  
info: Microsoft.AspNetCore.Authentication.Cookies.CookieAuthenticationMiddleware[3]
      HttpContext.User merged via AutomaticAuthentication from authenticationScheme: Identity.Application.
info: Microsoft.AspNetCore.Mvc.Internal.ControllerActionInvoker[1]
      Executing action method Dubno.Controllers.HomeController.Edit (Dubno) with arguments (4007) - ModelState is Valid
info: Microsoft.AspNetCore.Mvc.ViewFeatures.Internal.ViewResultExecutor[1]
      Executing ViewResult, running view at path /Views/Home/Edit.cshtml.
info: Microsoft.AspNetCore.Mvc.Internal.ControllerActionInvoker[2]
      Executed action Dubno.Controllers.HomeController.Edit (Dubno) in 150.0552ms
info: Microsoft.AspNetCore.Hosting.Internal.WebHost[1]
      Request starting HTTP/1.1 GET http://localhost:56565/css/styles.css  
info: Microsoft.AspNetCore.Authentication.Cookies.CookieAuthenticationMiddleware[3]
      HttpContext.User merged via AutomaticAuthentication from authenticationScheme: Identity.Application.
info: Microsoft.AspNetCore.StaticFiles.StaticFileMiddleware[6]
      The file /css/styles.css was not modified
info: Microsoft.AspNetCore.Hosting.Internal.WebHost[2]
      Request finished in 23.5475ms 304 text/css
info: Microsoft.AspNetCore.Hosting.Internal.WebHost[2]
      Request finished in 248.5925ms 200 text/html; charset=utf-8
info: Microsoft.AspNetCore.Hosting.Internal.WebHost[1]
      Request starting HTTP/1.1 GET http://localhost:56565/favicon.ico  
info: Microsoft.AspNetCore.Authentication.Cookies.CookieAuthenticationMiddleware[3]
      HttpContext.User merged via AutomaticAuthentication from authenticationScheme: Identity.Application.
info: Microsoft.AspNetCore.Hosting.Internal.WebHost[2]
      Request finished in 1.5123ms 200 
info: Microsoft.AspNetCore.Hosting.Internal.WebHost[1]
      Request starting HTTP/1.1 GET http://localhost:56565/Home/Edit/4007  
info: Microsoft.AspNetCore.Authentication.Cookies.CookieAuthenticationMiddleware[3]
      HttpContext.User merged via AutomaticAuthentication from authenticationScheme: Identity.Application.
info: Microsoft.AspNetCore.Mvc.Internal.ControllerActionInvoker[1]
      Executing action method Dubno.Controllers.HomeController.Edit (Dubno) with arguments (4007) - ModelState is Valid
info: Microsoft.AspNetCore.Mvc.ViewFeatures.Internal.ViewResultExecutor[1]
      Executing ViewResult, running view at path /Views/Home/Edit.cshtml.
info: Microsoft.AspNetCore.Mvc.Internal.ControllerActionInvoker[2]
      Executed action Dubno.Controllers.HomeController.Edit (Dubno) in 157.9542ms
info: Microsoft.AspNetCore.Hosting.Internal.WebHost[2]
      Request finished in 210.3111ms 200 text/html; charset=utf-8
info: Microsoft.AspNetCore.Hosting.Internal.WebHost[1]
      Request starting HTTP/1.1 GET http://localhost:56565/css/styles.css  
info: Microsoft.AspNetCore.Authentication.Cookies.CookieAuthenticationMiddleware[3]
      HttpContext.User merged via AutomaticAuthentication from authenticationScheme: Identity.Application.
info: Microsoft.AspNetCore.StaticFiles.StaticFileMiddleware[6]
      The file /css/styles.css was not modified
info: Microsoft.AspNetCore.Hosting.Internal.WebHost[2]
      Request finished in 1.4565ms 304 text/css
info: Microsoft.AspNetCore.Hosting.Internal.WebHost[1]
      Request starting HTTP/1.1 GET http://localhost:56565/favicon.ico  
info: Microsoft.AspNetCore.Authentication.Cookies.CookieAuthenticationMiddleware[3]
      HttpContext.User merged via AutomaticAuthentication from authenticationScheme: Identity.Application.
info: Microsoft.AspNetCore.Hosting.Internal.WebHost[2]
      Request finished in 1.3039ms 200 
info: Microsoft.AspNetCore.Hosting.Internal.WebHost[1]
      Request starting HTTP/1.1 GET http://localhost:56565/Home/Edit/4007  
info: Microsoft.AspNetCore.Authentication.Cookies.CookieAuthenticationMiddleware[3]
      HttpContext.User merged via AutomaticAuthentication from authenticationScheme: Identity.Application.
info: Microsoft.AspNetCore.Mvc.Internal.ControllerActionInvoker[1]
      Executing action method Dubno.Controllers.HomeController.Edit (Dubno) with arguments (4007) - ModelState is Valid
info: Microsoft.AspNetCore.Mvc.ViewFeatures.Internal.ViewResultExecutor[1]
      Executing ViewResult, running view at path /Views/Home/Edit.cshtml.
info: Microsoft.AspNetCore.Mvc.Internal.ControllerActionInvoker[2]
      Executed action Dubno.Controllers.HomeController.Edit (Dubno) in 152.647ms
info: Microsoft.AspNetCore.Hosting.Internal.WebHost[1]
      Request starting HTTP/1.1 GET http://localhost:56565/css/styles.css  
info: Microsoft.AspNetCore.Authentication.Cookies.CookieAuthenticationMiddleware[3]
      HttpContext.User merged via AutomaticAuthentication from authenticationScheme: Identity.Application.
info: Microsoft.AspNetCore.StaticFiles.StaticFileMiddleware[6]
      The file /css/styles.css was not modified
info: Microsoft.AspNetCore.Hosting.Internal.WebHost[2]
      Request finished in 18.8463ms 304 text/css
info: Microsoft.AspNetCore.Hosting.Internal.WebHost[2]
      Request finished in 218.9545ms 200 text/html; charset=utf-8
info: Microsoft.AspNetCore.Hosting.Internal.WebHost[1]
      Request starting HTTP/1.1 GET http://localhost:56565/favicon.ico  
info: Microsoft.AspNetCore.Authentication.Cookies.CookieAuthenticationMiddleware[3]
      HttpContext.User merged via AutomaticAuthentication from authenticationScheme: Identity.Application.
info: Microsoft.AspNetCore.Hosting.Internal.WebHost[2]
      Request finished in 2.3008ms 200 
info: Microsoft.AspNetCore.Hosting.Internal.WebHost[1]
      Request starting HTTP/1.1 GET http://localhost:56565/Home/Edit/4007  
info: Microsoft.AspNetCore.Authentication.Cookies.CookieAuthenticationMiddleware[3]
      HttpContext.User merged via AutomaticAuthentication from authenticationScheme: Identity.Application.
info: Microsoft.AspNetCore.Mvc.Internal.ControllerActionInvoker[1]
      Executing action method Dubno.Controllers.HomeController.Edit (Dubno) with arguments (4007) - ModelState is Valid
info: Microsoft.AspNetCore.Mvc.ViewFeatures.Internal.ViewResultExecutor[1]
      Executing ViewResult, running view at path /Views/Home/Edit.cshtml.
info: Microsoft.AspNetCore.Mvc.Internal.ControllerActionInvoker[2]
      Executed action Dubno.Controllers.HomeController.Edit (Dubno) in 142.299ms
info: Microsoft.AspNetCore.Hosting.Internal.WebHost[1]
      Request starting HTTP/1.1 GET http://localhost:56565/css/styles.css  
info: Microsoft.AspNetCore.Hosting.Internal.WebHost[2]
      Request finished in 184.4194ms 200 text/html; charset=utf-8
info: Microsoft.AspNetCore.Authentication.Cookies.CookieAuthenticationMiddleware[3]
      HttpContext.User merged via AutomaticAuthentication from authenticationScheme: Identity.Application.
info: Microsoft.AspNetCore.StaticFiles.StaticFileMiddleware[6]
      The file /css/styles.css was not modified
info: Microsoft.AspNetCore.Hosting.Internal.WebHost[2]
      Request finished in 1.9487ms 304 text/css
info: Microsoft.AspNetCore.Hosting.Internal.WebHost[1]
      Request starting HTTP/1.1 GET http://localhost:56565/favicon.ico  
info: Microsoft.AspNetCore.Authentication.Cookies.CookieAuthenticationMiddleware[3]
      HttpContext.User merged via AutomaticAuthentication from authenticationScheme: Identity.Application.
info: Microsoft.AspNetCore.Hosting.Internal.WebHost[2]
      Request finished in 1.3744ms 200 
info: Microsoft.AspNetCore.Hosting.Internal.WebHost[1]
      Request starting HTTP/1.1 GET http://localhost:56565/Home/Edit/4007  
info: Microsoft.AspNetCore.Authentication.Cookies.CookieAuthenticationMiddleware[3]
      HttpContext.User merged via AutomaticAuthentication from authenticationScheme: Identity.Application.
info: Microsoft.AspNetCore.Mvc.Internal.ControllerActionInvoker[1]
      Executing action method Dubno.Controllers.HomeController.Edit (Dubno) with arguments (4007) - ModelState is Valid
info: Microsoft.AspNetCore.Mvc.ViewFeatures.Internal.ViewResultExecutor[1]
      Executing ViewResult, running view at path /Views/Home/Edit.cshtml.
info: Microsoft.AspNetCore.Mvc.Internal.ControllerActionInvoker[2]
      Executed action Dubno.Controllers.HomeController.Edit (Dubno) in 147.521ms
info: Microsoft.AspNetCore.Hosting.Internal.WebHost[2]
      Request finished in 163.7367ms 200 text/html; charset=utf-8
info: Microsoft.AspNetCore.Hosting.Internal.WebHost[1]
      Request starting HTTP/1.1 GET http://localhost:56565/css/styles.css  
info: Microsoft.AspNetCore.Authentication.Cookies.CookieAuthenticationMiddleware[3]
      HttpContext.User merged via AutomaticAuthentication from authenticationScheme: Identity.Application.
info: Microsoft.AspNetCore.StaticFiles.StaticFileMiddleware[6]
      The file /css/styles.css was not modified
info: Microsoft.AspNetCore.Hosting.Internal.WebHost[2]
      Request finished in 1.1914ms 304 text/css
info: Microsoft.AspNetCore.Hosting.Internal.WebHost[1]
      Request starting HTTP/1.1 GET http://localhost:56565/favicon.ico  
info: Microsoft.AspNetCore.Authentication.Cookies.CookieAuthenticationMiddleware[3]
      HttpContext.User merged via AutomaticAuthentication from authenticationScheme: Identity.Application.
info: Microsoft.AspNetCore.Hosting.Internal.WebHost[2]
      Request finished in 1.3896ms 200 
info: Microsoft.AspNetCore.Hosting.Internal.WebHost[1]
      Request starting HTTP/1.1 GET http://localhost:56565/Home/Edit/4007  
info: Microsoft.AspNetCore.Authentication.Cookies.CookieAuthenticationMiddleware[3]
      HttpContext.User merged via AutomaticAuthentication from authenticationScheme: Identity.Application.
info: Microsoft.AspNetCore.Mvc.Internal.ControllerActionInvoker[1]
      Executing action method Dubno.Controllers.HomeController.Edit (Dubno) with arguments (4007) - ModelState is Valid
info: Microsoft.AspNetCore.Mvc.ViewFeatures.Internal.ViewResultExecutor[1]
      Executing ViewResult, running view at path /Views/Home/Edit.cshtml.
info: Microsoft.AspNetCore.Mvc.Internal.ControllerActionInvoker[2]
      Executed action Dubno.Controllers.HomeController.Edit (Dubno) in 148.2046ms
info: Microsoft.AspNetCore.Hosting.Internal.WebHost[2]
      Request finished in 181.4331ms 200 text/html; charset=utf-8
info: Microsoft.AspNetCore.Hosting.Internal.WebHost[1]
      Request starting HTTP/1.1 GET http://localhost:56565/css/styles.css  
info: Microsoft.AspNetCore.Authentication.Cookies.CookieAuthenticationMiddleware[3]
      HttpContext.User merged via AutomaticAuthentication from authenticationScheme: Identity.Application.
info: Microsoft.AspNetCore.StaticFiles.StaticFileMiddleware[6]
      The file /css/styles.css was not modified
info: Microsoft.AspNetCore.Hosting.Internal.WebHost[2]
      Request finished in 1.2718ms 304 text/css
info: Microsoft.AspNetCore.Hosting.Internal.WebHost[1]
      Request starting HTTP/1.1 GET http://localhost:56565/favicon.ico  
info: Microsoft.AspNetCore.Authentication.Cookies.CookieAuthenticationMiddleware[3]
      HttpContext.User merged via AutomaticAuthentication from authenticationScheme: Identity.Application.
info: Microsoft.AspNetCore.Hosting.Internal.WebHost[2]
      Request finished in 1.9813ms 200 
info: Microsoft.AspNetCore.Hosting.Internal.WebHost[1]
      Request starting HTTP/1.1 POST http://localhost:56565/Home/Upload multipart/form-data; boundary=----WebKitFormBoundaryp0Py7FKg8JQTtsSd 1940
info: Microsoft.AspNetCore.Authentication.Cookies.CookieAuthenticationMiddleware[3]
      HttpContext.User merged via AutomaticAuthentication from authenticationScheme: Identity.Application.
info: Microsoft.AspNetCore.Mvc.Internal.ControllerActionInvoker[1]
      Executing action method Dubno.Controllers.HomeController.Upload (Dubno) with arguments (Dubno.ViewModels.PostViewModel, ) - ModelState is Invalid
info: Microsoft.AspNetCore.Mvc.Internal.ControllerActionInvoker[2]
      Executed action Dubno.Controllers.HomeController.Upload (Dubno) in 48.7351ms
fail: Microsoft.AspNetCore.Diagnostics.DeveloperExceptionPageMiddleware[0]
      An unhandled exception has occurred while executing the request
System.NullReferenceException: Object reference not set to an instance of an object.
   at Dubno.Controllers.HomeController.ConvertToBytes(IFormFile image) in C:\Users\glenj392\Documents\Visual Studio 2015\Projects\HumansOfDubno\src\Dubno\Controllers\HomeController.cs:line 191
   at Dubno.Controllers.HomeController.<Upload>d__9.MoveNext() in C:\Users\glenj392\Documents\Visual Studio 2015\Projects\HumansOfDubno\src\Dubno\Controllers\HomeController.cs:line 86
--- End of stack trace from previous location where exception was thrown ---
   at System.Runtime.CompilerServices.TaskAwaiter.ThrowForNonSuccess(Task task)
   at System.Runtime.CompilerServices.TaskAwaiter.HandleNonSuccessAndDebuggerNotification(Task task)
   at Microsoft.AspNetCore.Mvc.Internal.ControllerActionInvoker.<InvokeActionMethodAsync>d__27.MoveNext()
--- End of stack trace from previous location where exception was thrown ---
   at System.Runtime.CompilerServices.TaskAwaiter.ThrowForNonSuccess(Task task)
   at System.Runtime.CompilerServices.TaskAwaiter.HandleNonSuccessAndDebuggerNotification(Task task)
   at Microsoft.AspNetCore.Mvc.Internal.ControllerActionInvoker.<InvokeNextActionFilterAsync>d__25.MoveNext()
--- End of stack trace from previous location where exception was thrown ---
   at Microsoft.AspNetCore.Mvc.Internal.ControllerActionInvoker.Rethrow(ActionExecutedContext context)
   at Microsoft.AspNetCore.Mvc.Internal.ControllerActionInvoker.Next(State& next, Scope& scope, Object& state, Boolean& isCompleted)
   at Microsoft.AspNetCore.Mvc.Internal.ControllerActionInvoker.<InvokeNextResourceFilter>d__22.MoveNext()
--- End of stack trace from previous location where exception was thrown ---
   at Microsoft.AspNetCore.Mvc.Internal.ControllerActionInvoker.Rethrow(ResourceExecutedContext context)
   at Microsoft.AspNetCore.Mvc.Internal.ControllerActionInvoker.Next(State& next, Scope& scope, Object& state, Boolean& isCompleted)
   at Microsoft.AspNetCore.Mvc.Internal.ControllerActionInvoker.<InvokeAsync>d__20.MoveNext()
--- End of stack trace from previous location where exception was thrown ---
   at System.Runtime.CompilerServices.TaskAwaiter.ThrowForNonSuccess(Task task)
   at System.Runtime.CompilerServices.TaskAwaiter.HandleNonSuccessAndDebuggerNotification(Task task)
   at Microsoft.AspNetCore.Builder.RouterMiddleware.<Invoke>d__4.MoveNext()
--- End of stack trace from previous location where exception was thrown ---
   at System.Runtime.CompilerServices.TaskAwaiter.ThrowForNonSuccess(Task task)
   at System.Runtime.CompilerServices.TaskAwaiter.HandleNonSuccessAndDebuggerNotification(Task task)
   at Microsoft.AspNetCore.Diagnostics.DeveloperExceptionPageMiddleware.<Invoke>d__6.MoveNext()
info: Microsoft.AspNetCore.Hosting.Internal.WebHost[2]
      Request finished in 464.7192ms 500 text/html; charset=utf-8
info: Microsoft.AspNetCore.Hosting.Internal.WebHost[1]
      Request starting HTTP/1.1 GET http://localhost:56565/favicon.ico  
info: Microsoft.AspNetCore.Authentication.Cookies.CookieAuthenticationMiddleware[3]
      HttpContext.User merged via AutomaticAuthentication from authenticationScheme: Identity.Application.
info: Microsoft.AspNetCore.Hosting.Internal.WebHost[2]
      Request finished in 2.1674ms 200 
