info: Microsoft.Extensions.DependencyInjection.DataProtectionServices[0]
      User profile is available. Using 'C:\Users\glenj392\AppData\Local\ASP.NET\DataProtection-Keys' as key repository and Windows DPAPI to encrypt keys at rest.
Hosting environment: Development
Content root path: C:\Users\glenj392\Documents\Visual Studio 2015\Projects\HumansOfDubno\src\Dubno
Now listening on: http://localhost:31442
Application started. Press Ctrl+C to shut down.
info: Microsoft.AspNetCore.Hosting.Internal.WebHost[1]
      Request starting HTTP/1.1 GET http://localhost:56565/  
info: Microsoft.AspNetCore.Hosting.Internal.WebHost[1]
      Request starting HTTP/1.1 DEBUG http://localhost:56565/  0
info: Microsoft.AspNetCore.Hosting.Internal.WebHost[2]
      Request finished in 111.0451ms 200 
info: Microsoft.AspNetCore.Authentication.Cookies.CookieAuthenticationMiddleware[3]
      HttpContext.User merged via AutomaticAuthentication from authenticationScheme: Identity.Application.
info: Microsoft.AspNetCore.Mvc.Internal.ControllerActionInvoker[1]
      Executing action method Dubno.Controllers.HomeController.Index (Dubno) with arguments ((null)) - ModelState is Valid
info: Microsoft.AspNetCore.Mvc.ViewFeatures.Internal.ViewResultExecutor[1]
      Executing ViewResult, running view at path /Views/Home/Index.cshtml.
info: Microsoft.AspNetCore.Mvc.Internal.ControllerActionInvoker[2]
      Executed action Dubno.Controllers.HomeController.Index (Dubno) in 4569.7378ms
info: Microsoft.AspNetCore.Hosting.Internal.WebHost[1]
      Request starting HTTP/1.1 GET http://localhost:56565/css/styles.css  
info: Microsoft.AspNetCore.Authentication.Cookies.CookieAuthenticationMiddleware[3]
      HttpContext.User merged via AutomaticAuthentication from authenticationScheme: Identity.Application.
info: Microsoft.AspNetCore.StaticFiles.StaticFileMiddleware[6]
      The file /css/styles.css was not modified
info: Microsoft.AspNetCore.Hosting.Internal.WebHost[2]
      Request finished in 220.5253ms 304 text/css
info: Microsoft.AspNetCore.Hosting.Internal.WebHost[2]
      Request finished in 6342.0943ms 200 text/html; charset=utf-8
info: Microsoft.AspNetCore.Hosting.Internal.WebHost[1]
      Request starting HTTP/1.1 GET http://localhost:56565/favicon.ico  
info: Microsoft.AspNetCore.Authentication.Cookies.CookieAuthenticationMiddleware[3]
      HttpContext.User merged via AutomaticAuthentication from authenticationScheme: Identity.Application.
info: Microsoft.AspNetCore.Hosting.Internal.WebHost[2]
      Request finished in 10.8478ms 200 
info: Microsoft.AspNetCore.Hosting.Internal.WebHost[1]
      Request starting HTTP/1.1 GET http://localhost:56565/Home/AdminView  
info: Microsoft.AspNetCore.Authentication.Cookies.CookieAuthenticationMiddleware[3]
      HttpContext.User merged via AutomaticAuthentication from authenticationScheme: Identity.Application.
info: Microsoft.AspNetCore.Mvc.Internal.ControllerActionInvoker[1]
      Executing action method Dubno.Controllers.HomeController.AdminView (Dubno) with arguments ((null)) - ModelState is Valid
info: Microsoft.AspNetCore.Mvc.ViewFeatures.Internal.ViewResultExecutor[1]
      Executing ViewResult, running view at path /Views/Home/AdminView.cshtml.
info: Microsoft.AspNetCore.Mvc.Internal.ControllerActionInvoker[2]
      Executed action Dubno.Controllers.HomeController.AdminView (Dubno) in 230.4838ms
info: Microsoft.AspNetCore.Hosting.Internal.WebHost[2]
      Request finished in 274.5873ms 200 text/html; charset=utf-8
info: Microsoft.AspNetCore.Hosting.Internal.WebHost[1]
      Request starting HTTP/1.1 GET http://localhost:56565/favicon.ico  
info: Microsoft.AspNetCore.Authentication.Cookies.CookieAuthenticationMiddleware[3]
      HttpContext.User merged via AutomaticAuthentication from authenticationScheme: Identity.Application.
info: Microsoft.AspNetCore.Hosting.Internal.WebHost[2]
      Request finished in 6.4893ms 200 
info: Microsoft.AspNetCore.Hosting.Internal.WebHost[1]
      Request starting HTTP/1.1 GET http://localhost:56565/Home/Edit/4007  
info: Microsoft.AspNetCore.Authentication.Cookies.CookieAuthenticationMiddleware[3]
      HttpContext.User merged via AutomaticAuthentication from authenticationScheme: Identity.Application.
info: Microsoft.AspNetCore.Mvc.Internal.ControllerActionInvoker[1]
      Executing action method Dubno.Controllers.HomeController.Edit (Dubno) with arguments (4007) - ModelState is Valid
info: Microsoft.AspNetCore.Mvc.ViewFeatures.Internal.ViewResultExecutor[1]
      Executing ViewResult, running view at path /Views/Home/Edit.cshtml.
info: Microsoft.AspNetCore.Mvc.Internal.ControllerActionInvoker[2]
      Executed action Dubno.Controllers.HomeController.Edit (Dubno) in 524.1312ms
info: Microsoft.AspNetCore.Hosting.Internal.WebHost[2]
      Request finished in 587.1744ms 200 text/html; charset=utf-8
info: Microsoft.AspNetCore.Hosting.Internal.WebHost[1]
      Request starting HTTP/1.1 GET http://localhost:56565/favicon.ico  
info: Microsoft.AspNetCore.Authentication.Cookies.CookieAuthenticationMiddleware[3]
      HttpContext.User merged via AutomaticAuthentication from authenticationScheme: Identity.Application.
info: Microsoft.AspNetCore.Hosting.Internal.WebHost[2]
      Request finished in 1.2896ms 200 
info: Microsoft.AspNetCore.Hosting.Internal.WebHost[1]
      Request starting HTTP/1.1 POST http://localhost:56565/Home/Edit/4007 multipart/form-data; boundary=----WebKitFormBoundaryYBZ9oFMidIQYQuKl 1890
info: Microsoft.AspNetCore.Authentication.Cookies.CookieAuthenticationMiddleware[3]
      HttpContext.User merged via AutomaticAuthentication from authenticationScheme: Identity.Application.
info: Microsoft.AspNetCore.Mvc.Internal.ControllerActionInvoker[1]
      Executing action method Dubno.Controllers.HomeController.Edit (Dubno) with arguments (Dubno.Models.Post) - ModelState is Invalid
info: Microsoft.AspNetCore.Mvc.Internal.ControllerActionInvoker[2]
      Executed action Dubno.Controllers.HomeController.Edit (Dubno) in 348.0718ms
fail: Microsoft.AspNetCore.Diagnostics.DeveloperExceptionPageMiddleware[0]
      An unhandled exception has occurred while executing the request
Microsoft.EntityFrameworkCore.DbUpdateException: An error occurred while updating the entries. See the inner exception for details. ---> System.Data.SqlClient.SqlException: Cannot insert the value NULL into column 'Email', table 'Dubno.dbo.Posts'; column does not allow nulls. UPDATE fails.
The statement has been terminated.
   at System.Data.SqlClient.SqlConnection.OnError(SqlException exception, Boolean breakConnection, Action`1 wrapCloseInAction)
   at System.Data.SqlClient.TdsParser.ThrowExceptionAndWarning(TdsParserStateObject stateObj, Boolean callerHasConnectionLock, Boolean asyncClose)
   at System.Data.SqlClient.TdsParser.TryRun(RunBehavior runBehavior, SqlCommand cmdHandler, SqlDataReader dataStream, BulkCopySimpleResultSet bulkCopyHandler, TdsParserStateObject stateObj, Boolean& dataReady)
   at System.Data.SqlClient.SqlDataReader.TryConsumeMetaData()
   at System.Data.SqlClient.SqlDataReader.get_MetaData()
   at System.Data.SqlClient.SqlCommand.FinishExecuteReader(SqlDataReader ds, RunBehavior runBehavior, String resetOptionsString)
   at System.Data.SqlClient.SqlCommand.RunExecuteReaderTds(CommandBehavior cmdBehavior, RunBehavior runBehavior, Boolean returnStream, Boolean async, Int32 timeout, Task& task, Boolean asyncWrite, SqlDataReader ds)
   at System.Data.SqlClient.SqlCommand.ExecuteReader(CommandBehavior behavior)
   at Microsoft.EntityFrameworkCore.Storage.Internal.RelationalCommand.Execute(IRelationalConnection connection, String executeMethod, IReadOnlyDictionary`2 parameterValues, Boolean closeConnection)
   at Microsoft.EntityFrameworkCore.Storage.Internal.RelationalCommand.ExecuteReader(IRelationalConnection connection, IReadOnlyDictionary`2 parameterValues)
   at Microsoft.EntityFrameworkCore.Update.ReaderModificationCommandBatch.Execute(IRelationalConnection connection)
   --- End of inner exception stack trace ---
   at Microsoft.EntityFrameworkCore.Update.ReaderModificationCommandBatch.Execute(IRelationalConnection connection)
   at Microsoft.EntityFrameworkCore.Update.Internal.BatchExecutor.Execute(Tuple`2 parameters)
   at Microsoft.EntityFrameworkCore.Storage.Internal.SqlServerExecutionStrategy.Execute[TState,TResult](Func`2 operation, Func`2 verifySucceeded, TState state)
   at Microsoft.EntityFrameworkCore.ChangeTracking.Internal.StateManager.SaveChanges(IReadOnlyList`1 entriesToSave)
   at Microsoft.EntityFrameworkCore.ChangeTracking.Internal.StateManager.SaveChanges(Boolean acceptAllChangesOnSuccess)
   at Microsoft.EntityFrameworkCore.DbContext.SaveChanges(Boolean acceptAllChangesOnSuccess)
   at Dubno.Controllers.HomeController.Edit(Post post) in C:\Users\glenj392\Documents\Visual Studio 2015\Projects\HumansOfDubno\src\Dubno\Controllers\HomeController.cs:line 132
   at lambda_method(Closure , Object , Object[] )
   at Microsoft.AspNetCore.Mvc.Internal.ControllerActionInvoker.<InvokeActionMethodAsync>d__27.MoveNext()
--- End of stack trace from previous location where exception was thrown ---
   at System.Runtime.CompilerServices.TaskAwaiter.ThrowForNonSuccess(Task task)
   at System.Runtime.CompilerServices.TaskAwaiter.HandleNonSuccessAndDebuggerNotification(Task task)
   at Microsoft.AspNetCore.Mvc.Internal.ControllerActionInvoker.<InvokeNextActionFilterAsync>d__25.MoveNext()
--- End of stack trace from previous location where exception was thrown ---
   at Microsoft.AspNetCore.Mvc.Internal.ControllerActionInvoker.Rethrow(ActionExecutedContext context)
   at Microsoft.AspNetCore.Mvc.Internal.ControllerActionInvoker.Next(State& next, Scope& scope, Object& state, Boolean& isCompleted)
   at Microsoft.AspNetCore.Mvc.Internal.ControllerActionInvoker.<InvokeNextResourceFilter>d__22.MoveNext()
--- End of stack trace from previous location where exception was thrown ---
   at Microsoft.AspNetCore.Mvc.Internal.ControllerActionInvoker.Rethrow(ResourceExecutedContext context)
   at Microsoft.AspNetCore.Mvc.Internal.ControllerActionInvoker.Next(State& next, Scope& scope, Object& state, Boolean& isCompleted)
   at Microsoft.AspNetCore.Mvc.Internal.ControllerActionInvoker.<InvokeAsync>d__20.MoveNext()
--- End of stack trace from previous location where exception was thrown ---
   at System.Runtime.CompilerServices.TaskAwaiter.ThrowForNonSuccess(Task task)
   at System.Runtime.CompilerServices.TaskAwaiter.HandleNonSuccessAndDebuggerNotification(Task task)
   at Microsoft.AspNetCore.Builder.RouterMiddleware.<Invoke>d__4.MoveNext()
--- End of stack trace from previous location where exception was thrown ---
   at System.Runtime.CompilerServices.TaskAwaiter.ThrowForNonSuccess(Task task)
   at System.Runtime.CompilerServices.TaskAwaiter.HandleNonSuccessAndDebuggerNotification(Task task)
   at Microsoft.AspNetCore.Diagnostics.DeveloperExceptionPageMiddleware.<Invoke>d__6.MoveNext()
info: Microsoft.AspNetCore.Hosting.Internal.WebHost[2]
      Request finished in 705.1864ms 500 text/html; charset=utf-8
info: Microsoft.AspNetCore.Hosting.Internal.WebHost[1]
      Request starting HTTP/1.1 GET http://localhost:56565/favicon.ico  
info: Microsoft.AspNetCore.Authentication.Cookies.CookieAuthenticationMiddleware[3]
      HttpContext.User merged via AutomaticAuthentication from authenticationScheme: Identity.Application.
info: Microsoft.AspNetCore.Hosting.Internal.WebHost[2]
      Request finished in 1.0973ms 200 
